[    0.000000] Linux version 4.15.0-212-generic (buildd@lcy02-amd64-083) (gcc version 7.5.0 (Ubuntu 7.5.0-3ubuntu1~18.04)) #223-Ubuntu SMP Tue May 23 13:09:22 UTC 2023 (Ubuntu 4.15.0-212.223-generic 4.15.18)
[    0.000000] Command line: BOOT_IMAGE=/boot/vmlinuz-4.15.0-212-generic root=LABEL=cloudimg-rootfs ro console=tty1 console=ttyS0
[    0.000000] KERNEL supported cpus:
[    0.000000]   Intel GenuineIntel
[    0.000000]   AMD AuthenticAMD
[    0.000000]   Centaur CentaurHauls
[    0.000000] x86/fpu: x87 FPU will use FXSAVE
[    0.000000] e820: BIOS-provided physical RAM map:
[    0.000000] BIOS-e820: [mem 0x0000000000000000-0x000000000009fbff] usable
[    0.000000] BIOS-e820: [mem 0x000000000009fc00-0x000000000009ffff] reserved
[    0.000000] BIOS-e820: [mem 0x00000000000f0000-0x00000000000fffff] reserved
[    0.000000] BIOS-e820: [mem 0x0000000000100000-0x000000003ffeffff] usable
[    0.000000] BIOS-e820: [mem 0x000000003fff0000-0x000000003fffffff] ACPI data
[    0.000000] BIOS-e820: [mem 0x00000000fec00000-0x00000000fec00fff] reserved
[    0.000000] BIOS-e820: [mem 0x00000000fee00000-0x00000000fee00fff] reserved
[    0.000000] BIOS-e820: [mem 0x00000000fffc0000-0x00000000ffffffff] reserved
[    0.000000] NX (Execute Disable) protection: active
[    0.000000] SMBIOS 2.5 present.
[    0.000000] DMI: innotek GmbH VirtualBox/VirtualBox, BIOS VirtualBox 12/01/2006
[    0.000000] Hypervisor detected: KVM
[    0.000000] e820: last_pfn = 0x3fff0 max_arch_pfn = 0x400000000
[    0.000000] MTRR: Disabled
[    0.000000] x86/PAT: MTRRs disabled, skipping PAT initialization too.
[    0.000000] CPU MTRRs all blank - virtualized system.
[    0.000000] x86/PAT: Configuration [0-7]: WB  WT  UC- UC  WB  WT  UC- UC  
[    0.000000] found SMP MP-table at [mem 0x0009fff0-0x0009ffff]
[    0.000000] Scanning 1 areas for low memory corruption
[    0.000000] RAMDISK: [mem 0x359cb000-0x36cdcfff]
[    0.000000] ACPI: Early table checksum verification disabled
[    0.000000] ACPI: RSDP 0x00000000000E0000 000024 (v02 VBOX  )
[    0.000000] ACPI: XSDT 0x000000003FFF0030 00003C (v01 VBOX   VBOXXSDT 00000001 ASL  00000061)
[    0.000000] ACPI: FACP 0x000000003FFF00F0 0000F4 (v04 VBOX   VBOXFACP 00000001 ASL  00000061)
[    0.000000] ACPI: DSDT 0x000000003FFF0610 002353 (v02 VBOX   VBOXBIOS 00000002 INTL 20100528)
[    0.000000] ACPI: FACS 0x000000003FFF0200 000040
[    0.000000] ACPI: FACS 0x000000003FFF0200 000040
[    0.000000] ACPI: APIC 0x000000003FFF0240 00005C (v02 VBOX   VBOXAPIC 00000001 ASL  00000061)
[    0.000000] ACPI: SSDT 0x000000003FFF02A0 00036C (v01 VBOX   VBOXCPUT 00000002 INTL 20100528)
[    0.000000] ACPI: Reserving FACP table memory at [mem 0x3fff00f0-0x3fff01e3]
[    0.000000] ACPI: Reserving DSDT table memory at [mem 0x3fff0610-0x3fff2962]
[    0.000000] ACPI: Reserving FACS table memory at [mem 0x3fff0200-0x3fff023f]
[    0.000000] ACPI: Reserving FACS table memory at [mem 0x3fff0200-0x3fff023f]
[    0.000000] ACPI: Reserving APIC table memory at [mem 0x3fff0240-0x3fff029b]
[    0.000000] ACPI: Reserving SSDT table memory at [mem 0x3fff02a0-0x3fff060b]
[    0.000000] No NUMA configuration found
[    0.000000] Faking a node at [mem 0x0000000000000000-0x000000003ffeffff]
[    0.000000] NODE_DATA(0) allocated [mem 0x3ffc5000-0x3ffeffff]
[    0.000000] kvm-clock: cpu 0, msr 0:3ff44001, primary cpu clock
[    0.000000] kvm-clock: Using msrs 4b564d01 and 4b564d00
[    0.000000] kvm-clock: using sched offset of 4208459128 cycles
[    0.000000] clocksource: kvm-clock: mask: 0xffffffffffffffff max_cycles: 0x1cd42e4dffb, max_idle_ns: 881590591483 ns
[    0.000000] Zone ranges:
[    0.000000]   DMA      [mem 0x0000000000001000-0x0000000000ffffff]
[    0.000000]   DMA32    [mem 0x0000000001000000-0x000000003ffeffff]
[    0.000000]   Normal   empty
[    0.000000]   Device   empty
[    0.000000] Movable zone start for each node
[    0.000000] Early memory node ranges
[    0.000000]   node   0: [mem 0x0000000000001000-0x000000000009efff]
[    0.000000]   node   0: [mem 0x0000000000100000-0x000000003ffeffff]
[    0.000000] Reserved but unavailable: 104 pages
[    0.000000] Initmem setup node 0 [mem 0x0000000000001000-0x000000003ffeffff]
[    0.000000] ACPI: PM-Timer IO Port: 0x4008
[    0.000000] IOAPIC[0]: apic_id 2, version 32, address 0xfec00000, GSI 0-23
[    0.000000] ACPI: INT_SRC_OVR (bus 0 bus_irq 0 global_irq 2 dfl dfl)
[    0.000000] ACPI: INT_SRC_OVR (bus 0 bus_irq 9 global_irq 9 low level)
[    0.000000] Using ACPI (MADT) for SMP configuration information
[    0.000000] smpboot: Allowing 2 CPUs, 0 hotplug CPUs
[    0.000000] PM: Registered nosave memory: [mem 0x00000000-0x00000fff]
[    0.000000] PM: Registered nosave memory: [mem 0x0009f000-0x0009ffff]
[    0.000000] PM: Registered nosave memory: [mem 0x000a0000-0x000effff]
[    0.000000] PM: Registered nosave memory: [mem 0x000f0000-0x000fffff]
[    0.000000] e820: [mem 0x40000000-0xfebfffff] available for PCI devices
[    0.000000] Booting paravirtualized kernel on KVM
[    0.000000] clocksource: refined-jiffies: mask: 0xffffffff max_cycles: 0xffffffff, max_idle_ns: 7645519600211568 ns
[    0.000000] setup_percpu: NR_CPUS:8192 nr_cpumask_bits:2 nr_cpu_ids:2 nr_node_ids:1
[    0.000000] percpu: Embedded 50 pages/cpu s167936 r8192 d28672 u1048576
[    0.000000] PV qspinlock hash table entries: 256 (order: 0, 4096 bytes)
[    0.000000] Built 1 zonelists, mobility grouping on.  Total pages: 257913
[    0.000000] Policy zone: DMA32
[    0.000000] Kernel command line: BOOT_IMAGE=/boot/vmlinuz-4.15.0-212-generic root=LABEL=cloudimg-rootfs ro console=tty1 console=ttyS0
[    0.000000] Memory: 982644K/1048120K available (12300K kernel code, 2477K rwdata, 4324K rodata, 2480K init, 2720K bss, 65476K reserved, 0K cma-reserved)
[    0.000000] SLUB: HWalign=64, Order=0-3, MinObjects=0, CPUs=2, Nodes=1
[    0.000000] Kernel/User page tables isolation: enabled
[    0.000000] ftrace: allocating 39508 entries in 155 pages
[    0.004000] Hierarchical RCU implementation.
[    0.004000] 	RCU restricting CPUs from NR_CPUS=8192 to nr_cpu_ids=2.
[    0.004000] 	Tasks RCU enabled.
[    0.004000] RCU: Adjusting geometry for rcu_fanout_leaf=16, nr_cpu_ids=2
[    0.004000] NR_IRQS: 524544, nr_irqs: 440, preallocated irqs: 16
[    0.004000] random: crng init done
[    0.004000] Console: colour VGA+ 80x25
[    0.004000] console [tty1] enabled
[    0.004000] console [ttyS0] enabled
[    0.004000] ACPI: Core revision 20170831
[    0.004000] ACPI: 2 ACPI AML tables successfully acquired and loaded
[    0.004000] APIC: Switch to symmetric I/O mode setup
[    0.004000] ..TIMER: vector=0x30 apic1=0 pin1=2 apic2=-1 pin2=-1
[    0.004005] tsc: Detected 2712.000 MHz processor
[    0.008010] Calibrating delay loop (skipped) preset value.. 5424.00 BogoMIPS (lpj=10848000)
[    0.012002] pid_max: default: 32768 minimum: 301
[    0.016071] Security Framework initialized
[    0.020003] Yama: becoming mindful.
[    0.024091] AppArmor: AppArmor initialized
[    0.033029] Dentry cache hash table entries: 131072 (order: 8, 1048576 bytes)
[    0.042181] Inode-cache hash table entries: 65536 (order: 7, 524288 bytes)
[    0.044083] Mount-cache hash table entries: 2048 (order: 2, 16384 bytes)
[    0.048068] Mountpoint-cache hash table entries: 2048 (order: 2, 16384 bytes)
[    0.056542] Last level iTLB entries: 4KB 64, 2MB 8, 4MB 8
[    0.060002] Last level dTLB entries: 4KB 64, 2MB 0, 4MB 0, 1GB 4
[    0.064003] Spectre V1 : Mitigation: usercopy/swapgs barriers and __user pointer sanitization
[    0.068003] Spectre V2 : Mitigation: Retpolines
[    0.072002] Spectre V2 : Spectre v2 / SpectreRSB mitigation: Filling RSB on context switch
[    0.076002] Spectre V2 : Spectre v2 / SpectreRSB : Filling RSB on VMEXIT
[    0.080002] RETBleed: WARNING: Spectre v2 mitigation leaves CPU vulnerable to RETBleed attacks, data leaks possible!
[    0.084002] RETBleed: Vulnerable
[    0.088002] Speculative Store Bypass: Vulnerable
[    0.092106] MDS: Mitigation: Clear CPU buffers
[    0.096002] MMIO Stale Data: Mitigation: Clear CPU buffers
[    0.100003] SRBDS: Unknown: Dependent on hypervisor status
[    0.108111] Freeing SMP alternatives memory: 36K
[    0.230387] smpboot: CPU0: Intel(R) Core(TM) i7-6820HQ CPU @ 2.70GHz (family: 0x6, model: 0x5e, stepping: 0x3)
[    0.232492] Performance Events: unsupported p6 CPU model 94 no PMU driver, software events only.
[    0.236105] Hierarchical SRCU implementation.
[    0.244477] NMI watchdog: Perf event create on CPU 0 failed with -2
[    0.248002] NMI watchdog: Perf NMI watchdog permanently disabled
[    0.252342] smp: Bringing up secondary CPUs ...
[    0.260965] x86: Booting SMP configuration:
[    0.264004] .... node  #0, CPUs:      #1
[    0.004000] kvm-clock: cpu 1, msr 0:3ff44041, secondary cpu clock
[    0.283112] TSC synchronization [CPU#0 -> CPU#1]:
[    0.284000] Measured 101453 cycles TSC warp between CPUs, turning off TSC clock.
[    0.284000] tsc: Marking TSC unstable due to check_tsc_sync_source failed
[    0.288312] smp: Brought up 1 node, 2 CPUs
[    0.292004] smpboot: Max logical packages: 1
[    0.296003] smpboot: Total of 2 processors activated (10848.00 BogoMIPS)
[    0.304004] devtmpfs: initialized
[    0.308183] x86/mm: Memory block size: 128MB
[    0.312482] evm: security.selinux
[    0.316002] evm: security.SMACK64
[    0.320002] evm: security.SMACK64EXEC
[    0.324002] evm: security.SMACK64TRANSMUTE
[    0.328002] evm: security.SMACK64MMAP
[    0.332002] evm: security.apparmor
[    0.336002] evm: security.ima
[    0.340002] evm: security.capability
[    0.344510] clocksource: jiffies: mask: 0xffffffff max_cycles: 0xffffffff, max_idle_ns: 7645041785100000 ns
[    0.348020] futex hash table entries: 512 (order: 3, 32768 bytes)
[    0.352256] pinctrl core: initialized pinctrl subsystem
[    0.356944] RTC time:  9:16:58, date: 12/30/24
[    0.361561] NET: Registered protocol family 16
[    0.364143] audit: initializing netlink subsys (disabled)
[    0.368350] audit: type=2000 audit(1735550223.004:1): state=initialized audit_enabled=0 res=1
[    0.384024] cpuidle: using governor ladder
[    0.388013] cpuidle: using governor menu
[    0.392082] ACPI: bus type PCI registered
[    0.396006] acpiphp: ACPI Hot Plug PCI Controller Driver version: 0.5
[    0.400706] PCI: Using configuration type 1 for base access
[    0.408455] HugeTLB registered 2.00 MiB page size, pre-allocated 0 pages
[    0.420437] ACPI: Added _OSI(Module Device)
[    0.424003] ACPI: Added _OSI(Processor Device)
[    0.428003] ACPI: Added _OSI(3.0 _SCP Extensions)
[    0.432003] ACPI: Added _OSI(Processor Aggregator Device)
[    0.436006] ACPI: Added _OSI(Linux-Dell-Video)
[    0.440004] ACPI: Added _OSI(Linux-Lenovo-NV-HDMI-Audio)
[    0.444003] ACPI: Added _OSI(Linux-HPI-Hybrid-Graphics)
[    0.453122] ACPI: Executed 1 blocks of module-level executable AML code
[    0.462602] ACPI: Interpreter enabled
[    0.464013] ACPI: (supports S0 S5)
[    0.468003] ACPI: Using IOAPIC for interrupt routing
[    0.472556] PCI: Using host bridge windows from ACPI; if necessary, use "pci=nocrs" and report a bug
[    0.476302] ACPI: Enabled 2 GPEs in block 00 to 07
[    0.494546] ACPI: PCI Root Bridge [PCI0] (domain 0000 [bus 00-ff])
[    0.496007] acpi PNP0A03:00: _OSC: OS supports [ASPM ClockPM Segments MSI]
[    0.501090] acpi PNP0A03:00: _OSC: not requesting OS control; OS requires [ExtendedConfig ASPM ClockPM MSI]
[    0.504082] acpi PNP0A03:00: fail to add MMCONFIG information, can't access extended PCI configuration space under this bridge.
[    0.509024] PCI host bridge to bus 0000:00
[    0.512008] pci_bus 0000:00: root bus resource [io  0x0000-0x0cf7 window]
[    0.516005] pci_bus 0000:00: root bus resource [io  0x0d00-0xffff window]
[    0.520009] pci_bus 0000:00: root bus resource [mem 0x000a0000-0x000bffff window]
[    0.524024] pci_bus 0000:00: root bus resource [mem 0x40000000-0xfdffffff window]
[    0.528006] pci_bus 0000:00: root bus resource [bus 00-ff]
[    0.544345] pci 0000:00:01.1: legacy IDE quirk: reg 0x10: [io  0x01f0-0x01f7]
[    0.548012] pci 0000:00:01.1: legacy IDE quirk: reg 0x14: [io  0x03f6]
[    0.552008] pci 0000:00:01.1: legacy IDE quirk: reg 0x18: [io  0x0170-0x0177]
[    0.556011] pci 0000:00:01.1: legacy IDE quirk: reg 0x1c: [io  0x0376]
[    0.590125] pci 0000:00:07.0: quirk: [io  0x4000-0x403f] claimed by PIIX4 ACPI
[    0.592102] pci 0000:00:07.0: quirk: [io  0x4100-0x410f] claimed by PIIX4 SMB
[    0.608745] ACPI: PCI Interrupt Link [LNKA] (IRQs 5 9 10 *11)
[    0.612856] ACPI: PCI Interrupt Link [LNKB] (IRQs 5 9 *10 11)
[    0.616261] ACPI: PCI Interrupt Link [LNKC] (IRQs 5 *9 10 11)
[    0.620272] ACPI: PCI Interrupt Link [LNKD] (IRQs 5 9 10 *11)
[    0.625018] SCSI subsystem initialized
[    0.632250] pci 0000:00:02.0: vgaarb: setting as boot VGA device
[    0.636000] pci 0000:00:02.0: vgaarb: VGA device added: decodes=io+mem,owns=io+mem,locks=none
[    0.636011] pci 0000:00:02.0: vgaarb: bridge control possible
[    0.640003] vgaarb: loaded
[    0.644098] ACPI: bus type USB registered
[    0.648024] usbcore: registered new interface driver usbfs
[    0.652036] usbcore: registered new interface driver hub
[    0.656011] usbcore: registered new device driver usb
[    0.660328] EDAC MC: Ver: 3.0.0
[    0.668584] PCI: Using ACPI for IRQ routing
[    0.676044] NetLabel: Initializing
[    0.680002] NetLabel:  domain hash size = 128
[    0.684002] NetLabel:  protocols = UNLABELED CIPSOv4 CALIPSO
[    0.688022] NetLabel:  unlabeled traffic allowed by default
[    0.696287] clocksource: Switched to clocksource kvm-clock
[    0.731423] VFS: Disk quotas dquot_6.6.0
[    0.731423] VFS: Dquot-cache hash table entries: 512 (order 0, 4096 bytes)
[    0.731423] AppArmor: AppArmor Filesystem Enabled
[    0.731423] pnp: PnP ACPI init
[    0.731423] pnp: PnP ACPI: found 3 devices
[    0.841771] clocksource: acpi_pm: mask: 0xffffff max_cycles: 0xffffff, max_idle_ns: 2085701024 ns
[    0.844765] NET: Registered protocol family 2
[    0.844765] IP idents hash table entries: 16384 (order: 5, 131072 bytes)
[    0.870864] TCP established hash table entries: 8192 (order: 4, 65536 bytes)
[    0.880001] TCP bind hash table entries: 8192 (order: 5, 131072 bytes)
[    0.883680] TCP: Hash tables configured (established 8192 bind 8192)
[    0.883680] UDP hash table entries: 512 (order: 2, 16384 bytes)
[    0.883680] UDP-Lite hash table entries: 512 (order: 2, 16384 bytes)
[    0.883680] NET: Registered protocol family 1
[    0.883680] pci 0000:00:00.0: Limiting direct PCI/PCI transfers
[    0.883680] pci 0000:00:01.0: Activating ISA DMA hang workarounds
[    0.883680] pci 0000:00:02.0: Video device with shadowed ROM at [mem 0x000c0000-0x000dffff]
[    0.883680] Unpacking initramfs...
[    1.376864] Freeing initrd memory: 19528K
[    1.376864] clocksource: tsc: mask: 0xffffffffffffffff max_cycles: 0x2717868ea45, max_idle_ns: 440795316085 ns
[    1.376864] platform rtc_cmos: registered platform RTC device (no PNP device found)
[    1.376864] Scanning for low memory corruption every 60 seconds
[    1.568399] Initialise system trusted keyrings
[    1.571465] Key type blacklist registered
[    1.579597] workingset: timestamp_bits=36 max_order=18 bucket_order=0
[    1.582756] zbud: loaded
[    1.596499] squashfs: version 4.0 (2009/01/31) Phillip Lougher
[    1.605782] fuse init (API version 7.26)
[    1.649306] Key type asymmetric registered
[    1.655144] Asymmetric key parser 'x509' registered
[    1.661925] Block layer SCSI generic (bsg) driver version 0.4 loaded (major 246)
[    1.671881] io scheduler noop registered
[    1.677913] io scheduler deadline registered
[    1.683423] io scheduler cfq registered (default)
[    1.690420] ACPI: AC Adapter [AC] (on-line)
[    1.696459] input: Power Button as /devices/LNXSYSTM:00/LNXPWRBN:00/input/input0
[    1.707230] ACPI: Power Button [PWRF]
[    1.713172] input: Sleep Button as /devices/LNXSYSTM:00/LNXSLPBN:00/input/input1
[    1.722478] ACPI: Sleep Button [SLPF]
[    1.730430] ACPI: Battery Slot [BAT0] (battery present)
[    1.732295] Serial: 8250/16550 driver, 32 ports, IRQ sharing enabled
[    1.782078] 00:02: ttyS0 at I/O 0x3f8 (irq = 4, base_baud = 115200) is a 16550A
[    1.794106] Linux agpgart interface v0.103
[    1.805795] loop: module loaded
[    1.816931] scsi host0: ata_piix
[    1.824089] scsi host1: ata_piix
[    1.829155] ata1: PATA max UDMA/33 cmd 0x1f0 ctl 0x3f6 bmdma 0xd000 irq 14
[    1.837931] ata2: PATA max UDMA/33 cmd 0x170 ctl 0x376 bmdma 0xd008 irq 15
[    1.849080] tun: Universal TUN/TAP device driver, 1.6
[    1.857032] PPP generic driver version 2.4.2
[    1.863924] ehci_hcd: USB 2.0 'Enhanced' Host Controller (EHCI) Driver
[    1.873574] ehci-pci: EHCI PCI platform driver
[    1.880058] ehci-platform: EHCI generic platform driver
[    1.887651] ohci_hcd: USB 1.1 'Open' Host Controller (OHCI) Driver
[    1.896930] ohci-pci: OHCI PCI platform driver
[    1.903178] ohci-platform: OHCI generic platform driver
[    1.910671] uhci_hcd: USB Universal Host Controller Interface driver
[    1.918983] i8042: PNP: PS/2 Controller [PNP0303:PS2K,PNP0f03:PS2M] at 0x60,0x64 irq 1,12
[    1.934217] serio: i8042 KBD port at 0x60,0x64 irq 1
[    1.941222] serio: i8042 AUX port at 0x60,0x64 irq 12
[    1.948527] mousedev: PS/2 mouse device common for all mice
[    1.958974] input: AT Translated Set 2 keyboard as /devices/platform/i8042/serio0/input/input2
[    1.962118] rtc_cmos rtc_cmos: rtc core: registered rtc_cmos as rtc0
[    1.980669] rtc_cmos rtc_cmos: alarms up to one day, 114 bytes nvram
[    1.988717] i2c /dev entries driver
[    1.993845] device-mapper: uevent: version 1.0.3
[    2.000283] device-mapper: ioctl: 4.37.0-ioctl (2017-09-20) initialised: dm-devel@redhat.com
[    2.045211] ledtrig-cpu: registered to indicate activity on CPUs
[    2.086659] NET: Registered protocol family 10
[    2.107902] Segment Routing with IPv6
[    2.113958] NET: Registered protocol family 17
[    2.121330] Key type dns_resolver registered
[    2.128482] mce: Using 0 MCE banks
[    2.133610] RAS: Correctable Errors collector initialized.
[    2.141149] sched_clock: Marking stable (2141065975, 0)->(3426367252, -1285301277)
[    2.156185] registered taskstats version 1
[    2.162156] Loading compiled-in X.509 certificates
[    2.175987] Loaded X.509 cert 'Build time autogenerated kernel key: b5b26778eaa3ab3a4a6cee031137706e947d12ad'
[    2.190114] Loaded X.509 cert 'Canonical Ltd. Live Patch Signing: 14df34d1a87cf37625abec039ef2bf521249b969'
[    2.203902] Loaded X.509 cert 'Canonical Ltd. Kernel Module Signing: 88f752e560a1e0737e31163a466ad7b70a850c19'
[    2.216842] blacklist: Loading compiled-in revocation X.509 certificates
[    2.225812] Loaded X.509 cert 'Canonical Ltd. Secure Boot Signing: 61482aa2830d0ab2ad5af10b7250da9033ddcef0'
[    2.238923] Loaded X.509 cert 'Canonical Ltd. Secure Boot Signing (2017): 242ade75ac4a15e50d50c84b0d45ff3eae707a03'
[    2.251657] Loaded X.509 cert 'Canonical Ltd. Secure Boot Signing (ESM 2018): 365188c1d374d6b07c3c8f240f8ef722433d6a8b'
[    2.265280] Loaded X.509 cert 'Canonical Ltd. Secure Boot Signing (2019): c0746fd6c5da3ae827864651ad66ae47fe24b3e8'
[    2.278441] Loaded X.509 cert 'Canonical Ltd. Secure Boot Signing (2021 v1): a8d54bbb3825cfb94fa13c9f8a594a195c107b8d'
[    2.291597] Loaded X.509 cert 'Canonical Ltd. Secure Boot Signing (2021 v2): 4cf046892d6fd3c9a5b03f98d845f90851dc6a8c'
[    2.307752] Loaded X.509 cert 'Canonical Ltd. Secure Boot Signing (2021 v3): 100437bb6de6e469b581e61cd66bce3ef4ed53af'
[    2.325393] Loaded X.509 cert 'Canonical Ltd. Secure Boot Signing (Ubuntu Core 2019): c1d57b8f6b743f23ee41f4f7ee292f06eecadfb9'
[    2.342053] zswap: loaded using pool lzo/zbud
[    2.368940] Key type big_key registered
[    2.374975] Key type trusted registered
[    2.387985] Key type encrypted registered
[    2.394430] AppArmor: AppArmor sha1 policy hashing enabled
[    2.401986] ima: No TPM chip found, activating TPM-bypass! (rc=-19)
[    2.410599] ima: Allocated hash algorithm: sha1
[    2.417525] evm: HMAC attrs: 0x1
[    2.423391]   Magic number: 4:964:273
[    2.429187] tty tty10: hash matches
[    2.434092] net lo: hash matches
[    2.439666] rtc_cmos rtc_cmos: setting system clock to 2024-12-30 09:17:00 UTC (1735550220)
[    2.451623] BIOS EDD facility v0.16 2004-Jun-25, 0 devices found
[    2.459603] EDD information not available.
[    2.470544] Freeing unused kernel image memory: 2480K
[    2.488446] Write protecting the kernel read-only data: 20480k
[    2.499425] Freeing unused kernel image memory: 2008K
[    2.506761] Freeing unused kernel image memory: 1820K
[    2.520446] x86/mm: Checked W+X mappings: passed, no W+X pages found.
[    2.529610] x86/mm: Checking user space page tables
[    2.542861] x86/mm: Checked W+X mappings: passed, no W+X pages found.
Loading, please wait...
starting version 237
[    2.655133] e1000: Intel(R) PRO/1000 Network Driver - version 7.3.21-k8-NAPI
[    2.665989] e1000: Copyright (c) 1999-2006 Intel Corporation.
[    2.697609] Fusion MPT base driver 3.04.20
[    2.704560] Copyright (c) 1999-2008 LSI Corporation
[    2.729785] SSE version of gcm_enc/dec engaged.
[    2.758426] Fusion MPT SPI Host driver 3.04.20
[    2.969194] input: ImExPS/2 Generic Explorer Mouse as /devices/platform/i8042/serio1/input/input4
[    3.537224] e1000 0000:00:03.0 eth0: (PCI:33MHz:32-bit) 02:3b:7b:b7:3b:2d
[    3.546498] e1000 0000:00:03.0 eth0: Intel(R) PRO/1000 Network Connection
[    3.558461] mptbase: ioc0: Initiating bringup
[    3.558862] e1000 0000:00:03.0 enp0s3: renamed from eth0
[    3.756473] ioc0: LSI53C1030 A0: Capabilities={Initiator}
[    4.769823] scsi host2: ioc0: LSI53C1030 A0, FwRev=00000000h, Ports=1, MaxQ=256, IRQ=20
[    5.008401] scsi 2:0:0:0: Direct-Access     VBOX     HARDDISK         1.0  PQ: 0 ANSI: 5
[    5.060870] scsi target2:0:0: Beginning Domain Validation
[    5.081233] scsi target2:0:0: Domain Validation skipping write tests
[    5.089959] scsi target2:0:0: Ending Domain Validation
[    5.097339] scsi target2:0:0: asynchronous
[    5.107107] scsi 2:0:1:0: Direct-Access     VBOX     HARDDISK         1.0  PQ: 0 ANSI: 5
[    5.148445] scsi target2:0:1: Beginning Domain Validation
[    5.167801] scsi target2:0:1: Domain Validation skipping write tests
[    5.176440] scsi target2:0:1: Ending Domain Validation
[    5.184003] scsi target2:0:1: asynchronous
[    5.210189] sd 2:0:0:0: Attached scsi generic sg0 type 0
[    5.219389] sd 2:0:0:0: [sda] 83886080 512-byte logical blocks: (42.9 GB/40.0 GiB)
[    5.229702] sd 2:0:1:0: Attached scsi generic sg1 type 0
[    5.236796] sd 2:0:0:0: [sda] Write Protect is off
[    5.245508] sd 2:0:1:0: [sdb] 20480 512-byte logical blocks: (10.5 MB/10.0 MiB)
[    5.246100] sd 2:0:0:0: [sda] Incomplete mode parameter data
[    5.263082] sd 2:0:0:0: [sda] Assuming drive cache: write through
[    5.270801] sd 2:0:1:0: [sdb] Write Protect is off
[    5.278735]  sda: sda1
[    5.286680] sd 2:0:1:0: [sdb] Incomplete mode parameter data
[    5.289396] sd 2:0:0:0: [sda] Attached SCSI disk
[    5.294971] sd 2:0:1:0: [sdb] Assuming drive cache: write through
[    5.324441] sd 2:0:1:0: [sdb] Attached SCSI disk
Begin: Loading essential drivers ... [    7.716731] raid6: sse2x1   gen() 10136 MB/s
[    7.768646] raid6: sse2x1   xor()  7872 MB/s
[    7.820179] raid6: sse2x2   gen() 10710 MB/s
[    7.872111] raid6: sse2x2   xor()  7002 MB/s
[    7.924051] raid6: sse2x4   gen() 15430 MB/s
[    7.976411] raid6: sse2x4   xor()  9649 MB/s
[    7.982577] raid6: using algorithm sse2x4 gen() 15430 MB/s
[    7.989779] raid6: .... xor() 9649 MB/s, rmw enabled
[    7.996599] raid6: using ssse3x2 recovery algorithm
[    8.005857] xor: measuring software checksum speed
[    8.052601]    prefetch64-sse: 18820.000 MB/sec
[    8.096680]    generic_sse: 16160.000 MB/sec
[    8.102610] xor: using function: prefetch64-sse (18820.000 MB/sec)
[    8.114051] async_tx: api initialized (async)
done.
Begin: Running /scripts/init-premount ... done.
Begin: Mounting root file system ... Begin: Running /scripts/local-top ... done.
Begin: Running /scripts/local-premount ... [    8.207487] Btrfs loaded, crc32c=crc32c-intel
Scanning for Btrfs filesystems
done.
Warning: fsck not present, so skipping root file system
[    8.293358] EXT4-fs (sda1): mounted filesystem with ordered data mode. Opts: (null)
done.
Begin: Running /scripts/local-bottom ... done.
Begin: Running /scripts/init-bottom ... done.
[    8.640038] ip_tables: (C) 2000-2006 Netfilter Core Team
[    8.679162] systemd[1]: systemd 237 running in system mode. (+PAM +AUDIT +SELINUX +IMA +APPARMOR +SMACK +SYSVINIT +UTMP +LIBCRYPTSETUP +GCRYPT +GNUTLS +ACL +XZ +LZ4 +SECCOMP +BLKID +ELFUTILS +KMOD -IDN2 +IDN -PCRE2 default-hierarchy=hybrid)
[    8.703307] systemd[1]: Detected virtualization oracle.
[    8.710581] systemd[1]: Detected architecture x86-64.

Welcome to [1mUbuntu 18.04.6 LTS[0m!

[    8.758713] systemd[1]: Set hostname to <ubuntu>.
[    8.779109] systemd[1]: Initializing machine ID from random generator.
[    8.787525] systemd[1]: Installed transient /etc/machine-id file.
[    9.298175] systemd[1]: Started Forward Password Requests to Wall Directory Watch.
[[0;32m  OK  [0m] Started Forward Password Requests to Wall Directory Watch.
[    9.328796] systemd[1]: Created slice User and Session Slice.
[[0;32m  OK  [0m] Created slice User and Session Slice.
[    9.342751] systemd[1]: Created slice System Slice.
[[0;32m  OK  [0m] Created slice System Slice.
[    9.354749] systemd[1]: Listening on Journal Socket (/dev/log).
[[0;32m  OK  [0m] Listening on Journal Socket (/dev/log).
[[0;32m  OK  [0m] Listening on fsck to fsckd communication Socket.
[[0;32m  OK  [0m] Listening on Device-mapper event daemon FIFOs.
[[0;32m  OK  [0m] Listening on LVM2 poll daemon socket.
[[0;32m  OK  [0m] Listening on Syslog Socket.
[[0;32m  OK  [0m] Listening on udev Control Socket.
[[0;32m  OK  [0m] Reached target Slices.
[[0;32m  OK  [0m] Listening on LVM2 metadata daemon socket.
[[0;32m  OK  [0m] Listening on Network Service Netlink Socket.
[[0;32m  OK  [0m] Listening on Journal Socket.
         Starting Create list of required st…ce nodes for the current kernel...
[[0;32m  OK  [0m] Listening on udev Kernel Socket.
         Starting udev Coldplug all Devices...
         Starting Set the console keyboard layout...
[[0;32m  OK  [0m] Listening on /dev/initctl Compatibility Named Pipe.
         Starting Uncomplicated firewall...
         Starting Monitoring of LVM2 mirrors…ng dmeventd or progress polling...
         Starting File System Check on Root Device...
         Starting Load Kernel Modules...
[[0;32m  OK  [0m] Reached target User and Group Name Lookups.
[[0;32m  OK  [0m] Reached target Mounting snaps.
[[0;32m  OK  [0m] Reached target Mounted snaps.
[[0;32m  OK  [0m] Set up automount Arbitrary Executab…rmats File System Automount Point.
[    9.562784] Loading iSCSI transport class v2.0-870.
         Mounting Kernel Debug File System...
         Mounting Huge Pages File System...
[[0;32m  OK  [0m] Created slice system-serial\x2dgetty.slice.
[[0;32m  OK  [0m] Listening on Journal Audit Socket.
         Starting Journal Service...
         Mounting POSIX Message Queue File System...
[[0;32m  OK  [0m] Reached target Swap.
[[0;32m  OK  [0m] Reached target System Time Synchronized.
[[0;32m  OK  [0m] Started Create list of required sta…vice nodes for the current kernel.
[[0;32m  OK  [0m] Started Uncomplicated firewall.
[[0;32m  OK  [0m] Started File System Check on Root Device.
[    9.683486] iscsi: registered transport (tcp)
[[0;32m  OK  [0m] Started LVM2 metadata daemon.
[[0;32m  OK  [0m] Started File System Check Daemon to report status.
         Starting Remount Root and Kernel File Systems...
         Starting Create Static Device Nodes in /dev...
[[0;32m  OK  [0m] Mounted Kernel Debug File System.
[[0;32m  OK  [0m] Mounted Huge Pages File System.
[[0;32m  OK  [0m] Mounted POSIX Message Queue File System.
[[0;32m  OK  [0m] Started udev Coldplug all Devices.
[[0;32m  OK  [0m] Started Create Static Device Nodes in /dev.
[    9.840129] EXT4-fs (sda1): re-mounted. Opts: (null)
[[0;32m  OK  [0m] Started Journal Service.
[[0;32m  OK  [0m] Started Remount Root and Kernel File Systems.
         Starting Flush Journal to Persistent Storage...
         Starting Load/Save Random Seed...
         Starting udev Kernel Device Manager...
[[0;32m  OK  [0m] Started Monitoring of LVM2 mirrors,…sing dmeventd or progress polling.
[[0;32m  OK  [0m] Started Load/Save Random Seed.
[    9.921135] systemd-journald[428]: Received request to flush runtime journal from PID 1
[[0;32m  OK  [0m] Started udev Kernel Device Manager.
[[0;32m  OK  [0m] Started Flush Journal to Persistent Storage.
[   10.069726] iscsi: registered transport (iser)
[[0;32m  OK  [0m] Started Load Kernel Modules.
         Mounting Kernel Configuration File System...
         Mounting FUSE Control File System...
         Starting Apply Kernel Variables...
[[0;32m  OK  [0m] Mounted Kernel Configuration File System.
[[0;32m  OK  [0m] Mounted FUSE Control File System.
[[0;32m  OK  [0m] Started Apply Kernel Variables.
[[0;32m  OK  [0m] Found device /dev/ttyS0.
[[0;32m  OK  [0m] Started Set the console keyboard layout.
[[0;32m  OK  [0m] Started Dispatch Password Requests to Console Directory Watch.
[[0;32m  OK  [0m] Reached target Local Encrypted Volumes.
[[0;32m  OK  [0m] Reached target Local File Systems (Pre).
[[0;32m  OK  [0m] Reached target Local File Systems.
         Starting AppArmor initialization...
         Starting Tell Plymouth To Write Out Runtime Data...
         Starting Commit a transient machine-id on disk...
         Starting Create Volatile Files and Directories...
         Starting ebtables ruleset management...
         Starting Set console font and keymap...
[[0;32m  OK  [0m] Started Tell Plymouth To Write Out Runtime Data.
[[0;32m  OK  [0m] Started Create Volatile Files and Directories.
         Starting Update UTMP about System Boot/Shutdown...
[[0;32m  OK  [0m] Listening on Load/Save RF Kill Switch Status /dev/rfkill Watch.
[[0;32m  OK  [0m] Started Update UTMP about System Boot/Shutdown.
[[0;32m  OK  [0m] Started Commit a transient machine-id on disk.
[[0;32m  OK  [0m] Started ebtables ruleset management.
         Mounting Arbitrary Executable File Formats File System...
[[0;32m  OK  [0m] Mounted Arbitrary Executable File Formats File System.
[[0;32m  OK  [0m] Started AppArmor initialization.
         Starting Load AppArmor profiles managed internally by snapd...
         Starting Initial cloud-init job (pre-networking)...
[[0;32m  OK  [0m] Started Load AppArmor profiles managed internally by snapd.
[[0;32m  OK  [0m] Started Set console font and keymap.
[   14.481967] cloud-init[770]: Cloud-init v. 23.1.2-0ubuntu0~18.04.1 running 'init-local' at Mon, 30 Dec 2024 09:17:12 +0000. Up 14.00 seconds.
[[0;32m  OK  [0m] Started Initial cloud-init job (pre-networking).
[[0;32m  OK  [0m] Reached target Network (Pre).
         Starting Network Service...
[[0;32m  OK  [0m] Started Network Service.
         Starting Network Name Resolution...
         Starting Wait for Network to be Configured...
[[0;32m  OK  [0m] Started Network Name Resolution.
[[0;32m  OK  [0m] Reached target Network.
[[0;32m  OK  [0m] Reached target Host and Network Name Lookups.
[[0;32m  OK  [0m] Started Wait for Network to be Configured.
         Starting Initial cloud-init job (metadata service crawler)...
[   16.516027] cloud-init[919]: Cloud-init v. 23.1.2-0ubuntu0~18.04.1 running 'init' at Mon, 30 Dec 2024 09:17:14 +0000. Up 16.36 seconds.
[   16.524018] cloud-init[919]: ci-info: ++++++++++++++++++++++++++++++++++++++Net device info++++++++++++++++++++++++++++++++++++++
[   16.530931] cloud-init[919]: ci-info: +--------+------+----------------------------+---------------+--------+-------------------+
[   16.538328] cloud-init[919]: ci-info: | Device |  Up  |          Address           |      Mask     | Scope  |     Hw-Address    |
[   16.545369] cloud-init[919]: ci-info: +--------+------+----------------------------+---------------+--------+-------------------+
[   16.552481] cloud-init[919]: ci-info: | enp0s3 | True |         10.0.2.15          | 255.255.255.0 | global | 02:3b:7b:b7:3b:2d |
[   16.558839] cloud-init[919]: ci-info: | enp0s3 | True | fe80::3b:7bff:feb7:3b2d/64 |       .       |  link  | 02:3b:7b:b7:3b:2d |
[   16.566808] cloud-init[919]: ci-info: |   lo   | True |         127.0.0.1          |   255.0.0.0   |  host  |         .         |
[   16.574223] cloud-init[919]: ci-info: |   lo   | True |          ::1/128           |       .       |  host  |         .         |
[   16.582398] cloud-init[919]: ci-info: +--------+------+----------------------------+---------------+--------+-------------------+
[   16.590073] cloud-init[919]: ci-info: ++++++++++++++++++++++++++++Route IPv4 info+++++++++++++++++++++++++++++
[   16.595253] cloud-init[919]: ci-info: +-------+-------------+----------+-----------------+-----------+-------+
[   16.600856] cloud-init[919]: ci-info: | Route | Destination | Gateway  |     Genmask     | Interface | Flags |
[   16.606330] cloud-init[919]: ci-info: +-------+-------------+----------+-----------------+-----------+-------+
[   16.611124] cloud-init[919]: ci-info: |   0   |   0.0.0.0   | 10.0.2.2 |     0.0.0.0     |   enp0s3  |   UG  |
[   16.627692] cloud-init[919]: ci-info: |   1   |   10.0.2.0  | 0.0.0.0  |  255.255.255.0  |   enp0s3  |   U   |
[   16.633245] cloud-init[919]: ci-info: |   2   |   10.0.2.2  | 0.0.0.0  | 255.255.255.255 |   enp0s3  |   UH  |
[   16.638536] cloud-init[919]: ci-info: +-------+-------------+----------+-----------------+-----------+-------+
[   16.642933] cloud-init[919]: ci-info: +++++++++++++++++++Route IPv6 info+++++++++++++++++++
[   16.647196] cloud-init[919]: ci-info: +-------+-------------+---------+-----------+-------+
[   16.651220] cloud-init[919]: ci-info: | Route | Destination | Gateway | Interface | Flags |
[   16.656829] cloud-init[919]: ci-info: +-------+-------------+---------+-----------+-------+
[   16.661241] cloud-init[919]: ci-info: |   1   |  fe80::/64  |    ::   |   enp0s3  |   U   |
[   16.665287] cloud-init[919]: ci-info: |   3   |    local    |    ::   |   enp0s3  |   U   |
[   16.669929] cloud-init[919]: ci-info: |   4   |   ff00::/8  |    ::   |   enp0s3  |   U   |
[   16.674029] cloud-init[919]: ci-info: +-------+-------------+---------+-----------+-------+
[   18.310741] cloud-init[919]: Generating public/private rsa key pair.
[   18.319875] cloud-init[919]: Your identification has been saved in /etc/ssh/ssh_host_rsa_key.
[   18.327941] cloud-init[919]: Your public key has been saved in /etc/ssh/ssh_host_rsa_key.pub.
[   18.336701] cloud-init[919]: The key fingerprint is:
[   18.344479] cloud-init[919]: SHA256:nXFuCqvWWiooeYbheU8Oqlvn+LF5zD4Es/aiQCUo6F8 root@ubuntu-bionic
[   18.354140] cloud-init[919]: The key's randomart image is:
[   18.363959] cloud-init[919]: +---[RSA 2048]----+
[   18.371213] cloud-init[919]: |                 |
[   18.384810] cloud-init[919]: |o                |
[   18.384957] cloud-init[919]: |+. .      . .    |
[   18.385004] cloud-init[919]: |o o o    . =     |
[   18.385592] cloud-init[919]: | o   E  S o o    |
[   18.386158] cloud-init[919]: |o . + .  o o     |
[   18.386715] cloud-init[919]: |o+o=o* .o .      |
[   18.387256] cloud-init[919]: |+===*+B+.        |
[   18.387811] cloud-init[919]: |+*+o*O=o         |
[   18.389021] cloud-init[919]: +----[SHA256]-----+
[   18.390130] cloud-init[919]: Generating public/private dsa key pair.
[   18.390786] cloud-init[919]: Your identification has been saved in /etc/ssh/ssh_host_dsa_key.
[   18.391408] cloud-init[919]: Your public key has been saved in /etc/ssh/ssh_host_dsa_key.pub.
[   18.392129] cloud-init[919]: The key fingerprint is:
[   18.393220] cloud-init[919]: SHA256:XtEckCMtKU/u/Uli4dfbec9XQooWnuzjMjW4bhIUFcA root@ubuntu-bionic
[   18.393763] cloud-init[919]: The key's randomart image is:
[   18.394244] cloud-init[919]: +---[DSA 1024]----+
[   18.394751] cloud-init[919]: |     ..oo+.o.    |
[   18.395234] cloud-init[919]: |      E = +o .   |
[   18.395902] cloud-init[919]: |       * o..o    |
[   18.396020] cloud-init[919]: |      . o o.  .  |
[   18.396077] cloud-init[919]: |     . .S*.= +   |
[   18.396440] cloud-init[919]: |      ..o.& + o .|
[   18.397166] cloud-init[919]: |       ..* * . +o|
[   18.397835] cloud-init[919]: |      . = o o .o+|
[   18.398580] cloud-init[919]: |       +.+..    *|
[   18.399358] cloud-init[919]: +----[SHA256]-----+
[   18.399798] cloud-init[919]: Generating public/private ecdsa key pair.
[   18.401173] cloud-init[919]: Your identification has been saved in /etc/ssh/ssh_host_ecdsa_key.
[   18.401886] cloud-init[919]: Your public key has been saved in /etc/ssh/ssh_host_ecdsa_key.pub.
[   18.402484] cloud-init[919]: The key fingerprint is:
[   18.403219] cloud-init[919]: SHA256:imiRSxYThkEq/zutI//Bo/0kTWlZHEZQnoJ+c1dlZmA root@ubuntu-bionic
[   18.403917] cloud-init[919]: The key's randomart image is:
[   18.405140] cloud-init[919]: +---[ECDSA 256]---+
[   18.406901] cloud-init[919]: |o+o     .+=   E.=|
[   18.407746] cloud-init[919]: |o. .   . + o . = |
[   18.409220] cloud-init[919]: |o o   . . =   .  |
[   18.409804] cloud-init[919]: |.. + .   =   .   |
[   18.410470] cloud-init[919]: |  *   . S . .    |
[   18.410503] cloud-init[919]: | o = o * o .     |
[   18.410554] cloud-init[919]: |  + o.* o        |
[   18.410619] cloud-init[919]: | .. o+.=         |
[   18.410683] cloud-init[919]: |   o==o..        |
[   18.410740] cloud-init[919]: +----[SHA256]-----+
[   18.410772] cloud-init[919]: Generating public/private ed25519 key pair.
[   18.410828] cloud-init[919]: Your identification has been saved in /etc/ssh/ssh_host_ed25519_key.
[   18.410901] cloud-init[919]: Your public key has been saved in /etc/ssh/ssh_host_ed25519_key.pub.
[   18.410969] cloud-init[919]: The key fingerprint is:
[   18.411739] cloud-init[919]: SHA256:3Dp3ydoDySzAFiG8/0HHH5hlpgJrI8ngyuldZP0xg60 root@ubuntu-bionic
[   18.413363] cloud-init[919]: The key's randomart image is:
[   18.413427] cloud-init[919]: +--[ED25519 256]--+
[   18.413481] cloud-init[919]: |   .. ..         |
[   18.413546] cloud-init[919]: |  . ..o     +    |
[   18.413625] cloud-init[919]: | . o +.+o. B     |
[   18.413767] cloud-init[919]: |  . =oB+o** .    |
[   18.414470] cloud-init[919]: |... o= +S==o .   |
[   18.414594] cloud-init[919]: |.o   ..Eoo=...   |
[   18.415358] cloud-init[919]: |. . .  .oo..+    |
[   18.416011] cloud-init[919]: | . .    .o +.    |
[   18.416626] cloud-init[919]: |          . ..   |
[   18.417807] cloud-init[919]: +----[SHA256]-----+
[[0;32m  OK  [0m] Started Initial cloud-init job (metadata service crawler).
[[0;32m  OK  [0m] Reached target System Initialization.
[[0;32m  OK  [0m] Started Discard unused blocks once a week.
[[0;32m  OK  [0m] Started Ubuntu Advantage Timer for running repeated jobs.
         Starting Socket activation for snappy daemon.
         Starting LXD - unix socket.
[[0;32m  OK  [0m] Started Message of the Day.
[[0;32m  OK  [0m] Started Daily apt download activities.
[[0;32m  OK  [0m] Listening on cloud-init hotplug hook socket.
[[0;32m  OK  [0m] Started Daily Cleanup of Temporary Directories.
[[0;32m  OK  [0m] Listening on UUID daemon activation socket.
[[0;32m  OK  [0m] Started ACPI Events Check.
[[0;32m  OK  [0m] Reached target Paths.
[[0;32m  OK  [0m] Listening on ACPID Listen Socket.
[[0;32m  OK  [0m] Listening on Open-iSCSI iscsid Socket.
[[0;32m  OK  [0m] Listening on D-Bus System Message Bus Socket.
[[0;32m  OK  [0m] Started Daily apt upgrade and clean activities.
[[0;32m  OK  [0m] Reached target Timers.
[[0;32m  OK  [0m] Reached target Network is Online.
         Starting Availability of block devices...
[[0;32m  OK  [0m] Reached target Remote File Systems (Pre).
[[0;32m  OK  [0m] Reached target Remote File Systems.
[[0;32m  OK  [0m] Reached target Cloud-config availability.
[[0;32m  OK  [0m] Listening on Socket activation for snappy daemon.
[[0;32m  OK  [0m] Listening on LXD - unix socket.
[[0;32m  OK  [0m] Reached target Sockets.
[[0;32m  OK  [0m] Reached target Basic System.
         Starting Dispatcher daemon for systemd-networkd...
         Starting Permit User Sessions...
         Starting System Logging Service...
[[0;32m  OK  [0m] Started D-Bus System Message Bus.
         Starting Virtualbox guest utils...
         Starting LSB: Record successful boot for GRUB...
         Starting LSB: automatic crash report generation...
[[0;32m  OK  [0m] Started Regular background program processing daemon.
[[0;32m  OK  [0m] Reached target Login Prompts (Pre).
         Starting Accounts Service...
         Starting Snap Daemon...
         Starting LXD - container startup/shutdown...
         Starting Pollinate to seed the pseudo random number generator...
[[0;32m  OK  [0m] Started irqbalance daemon.
         Starting Login Service...
[[0;32m  OK  [0m] Started FUSE filesystem for LXC.
[[0;32m  OK  [0m] Started Deferred execution scheduler.
[[0;32m  OK  [0m] Started System Logging Service.
[[0;32m  OK  [0m] Started Availability of block devices.
[[0;32m  OK  [0m] Started Permit User Sessions.
         Starting Authorization Manager...
         Starting Hold until boot process finishes up...
         Starting Terminate Plymouth Boot Screen...
[[0;32m  OK  [0m] Started Login Service.
[[0;32m  OK  [0m] Started Unattended Upgrades Shutdown.
[[0;32m  OK  [0m] Started LSB: automatic crash report generation.
[[0;32m  OK  [0m] Started Hold until boot process finishes up.
[[0;32m  OK  [0m] Started Terminate Plymouth Boot Screen.
         Starting Set console scheme...
[[0;32m  OK  [0m] Started Serial Getty on ttyS0.
[[0;32m  OK  [0m] Started Set console scheme.
[[0;32m  OK  [0m] Started LSB: Record successful boot for GRUB.
[[0;32m  OK  [0m] Created slice system-getty.slice.
[[0;32m  OK  [0m] Started Getty on tty1.
[[0;32m  OK  [0m] Reached target Login Prompts.
[[0;32m  OK  [0m] Started Dispatcher daemon for systemd-networkd.
[[0;32m  OK  [0m] Started Authorization Manager.
[[0;32m  OK  [0m] Started Accounts Service.
[[0;32m  OK  [0m] Started LXD - container startup/shutdown.
[[0;32m  OK  [0m] Started Virtualbox guest utils.
[[0;32m  OK  [0m] Started Snap Daemon.
         Starting Wait until snapd is fully seeded...
         Starting Time & Date Service...
[[0;32m  OK  [0m] Started Time & Date Service.

Ubuntu 18.04.6 LTS ubuntu-bionic ttyS0

ubuntu-bionic login: [   58.055705] cloud-init[1992]: Cloud-init v. 23.1.2-0ubuntu0~18.04.1 running 'modules:config' at Mon, 30 Dec 2024 09:17:55 +0000. Up 57.53 seconds.
ci-info: no authorized SSH keys fingerprints found for user ubuntu.
<14>Dec 30 09:17:56 cloud-init: #############################################################
<14>Dec 30 09:17:56 cloud-init: -----BEGIN SSH HOST KEY FINGERPRINTS-----
<14>Dec 30 09:17:56 cloud-init: 1024 SHA256:XtEckCMtKU/u/Uli4dfbec9XQooWnuzjMjW4bhIUFcA root@ubuntu-bionic (DSA)
<14>Dec 30 09:17:56 cloud-init: 256 SHA256:imiRSxYThkEq/zutI//Bo/0kTWlZHEZQnoJ+c1dlZmA root@ubuntu-bionic (ECDSA)
<14>Dec 30 09:17:56 cloud-init: 256 SHA256:3Dp3ydoDySzAFiG8/0HHH5hlpgJrI8ngyuldZP0xg60 root@ubuntu-bionic (ED25519)
<14>Dec 30 09:17:56 cloud-init: 2048 SHA256:nXFuCqvWWiooeYbheU8Oqlvn+LF5zD4Es/aiQCUo6F8 root@ubuntu-bionic (RSA)
<14>Dec 30 09:17:56 cloud-init: -----END SSH HOST KEY FINGERPRINTS-----
<14>Dec 30 09:17:56 cloud-init: #############################################################
-----BEGIN SSH HOST KEY KEYS-----
ecdsa-sha2-nistp256 AAAAE2VjZHNhLXNoYTItbmlzdHAyNTYAAAAIbmlzdHAyNTYAAABBBAsWvpuZf2JJHMNTcaVQa232MZ6iAjRggo1mZIDNAcPxUOCB4pBD4gpI+yK6yw3YeXMKH+Xrnkxv0t6HSMwroHA= root@ubuntu-bionic
ssh-ed25519 AAAAC3NzaC1lZDI1NTE5AAAAINJoDV8ZT9UY6r7kGa8TdbuAUCKIW46huCCFvfxf5ndV root@ubuntu-bionic
ssh-rsa AAAAB3NzaC1yc2EAAAADAQABAAABAQDMa8o2yMEbBd00xE0n/lXVPlXh3Pha5h3mbbjd+XldpZgDm9V5irkpX2zpKCfjXh5Hef/HZkrsN1LIwlWcXvpq6PS1bzjnHtYA8+MyvmP20twkLPuLxTXtjESWEtenFV3m5EEyFNOJlpwEVYZPOzGQEN+PoaWnxr6G+p5ENdmrsZfA3fAB/jNu+n0zMkbORKJk2uPPbZH4OicDzMQ94n1JsAmOCGaWECNpDAQVyPeNM8VQnp3u3J9ILDat1T7jIdn5/IqZTvMuse+FznSj2ry+ppKZXoH5/cE5h7Nk83jQsAuVcy4+paqg47DIrQBSTbFQ3Vz7IRtXWJEm0C7wishP root@ubuntu-bionic
-----END SSH HOST KEY KEYS-----
[   58.929943] cloud-init[2043]: Cloud-init v. 23.1.2-0ubuntu0~18.04.1 running 'modules:final' at Mon, 30 Dec 2024 09:17:56 +0000. Up 58.63 seconds.
[   58.942511] cloud-init[2043]: Cloud-init v. 23.1.2-0ubuntu0~18.04.1 finished at Mon, 30 Dec 2024 09:17:56 +0000. Datasource DataSourceNoCloud [seed=/dev/sdb][dsmode=net].  Up 58.86 seconds
