[    0.000000] Linux version 4.15.0-213-generic (buildd@lcy02-amd64-079) (gcc version 7.5.0 (Ubuntu 7.5.0-3ubuntu1~18.04)) #224-Ubuntu SMP Mon Jun 19 13:30:12 UTC 2023 (Ubuntu 4.15.0-213.224-generic 4.15.18)
[    0.000000] Command line: BOOT_IMAGE=/boot/vmlinuz-4.15.0-213-generic root=UUID=f685bb41-0e3b-40c4-89c1-eea0f0583525 ro console=tty1 console=ttyS0
[    0.000000] KERNEL supported cpus:
[    0.000000]   Intel GenuineIntel
[    0.000000]   AMD AuthenticAMD
[    0.000000]   Centaur CentaurHauls
[    0.000000] x86/fpu: Supporting XSAVE feature 0x001: 'x87 floating point registers'
[    0.000000] x86/fpu: Supporting XSAVE feature 0x002: 'SSE registers'
[    0.000000] x86/fpu: Supporting XSAVE feature 0x004: 'AVX registers'
[    0.000000] x86/fpu: xstate_offset[2]:  576, xstate_sizes[2]:  256
[    0.000000] x86/fpu: Enabled xstate features 0x7, context size is 832 bytes, using 'standard' format.
[    0.000000] e820: BIOS-provided physical RAM map:
[    0.000000] BIOS-e820: [mem 0x0000000000000000-0x000000000009fbff] usable
[    0.000000] BIOS-e820: [mem 0x000000000009fc00-0x000000000009ffff] reserved
[    0.000000] BIOS-e820: [mem 0x00000000000f0000-0x00000000000fffff] reserved
[    0.000000] BIOS-e820: [mem 0x0000000000100000-0x0000000063feffff] usable
[    0.000000] BIOS-e820: [mem 0x0000000063ff0000-0x0000000063ffffff] ACPI data
[    0.000000] BIOS-e820: [mem 0x00000000fec00000-0x00000000fec00fff] reserved
[    0.000000] BIOS-e820: [mem 0x00000000fee00000-0x00000000fee00fff] reserved
[    0.000000] BIOS-e820: [mem 0x00000000fffc0000-0x00000000ffffffff] reserved
[    0.000000] NX (Execute Disable) protection: active
[    0.000000] SMBIOS 2.5 present.
[    0.000000] DMI: innotek GmbH VirtualBox/VirtualBox, BIOS VirtualBox 12/01/2006
[    0.000000] Hypervisor detected: KVM
[    0.000000] e820: last_pfn = 0x63ff0 max_arch_pfn = 0x400000000
[    0.000000] MTRR: Disabled
[    0.000000] x86/PAT: MTRRs disabled, skipping PAT initialization too.
[    0.000000] CPU MTRRs all blank - virtualized system.
[    0.000000] x86/PAT: Configuration [0-7]: WB  WT  UC- UC  WB  WT  UC- UC  
[    0.000000] found SMP MP-table at [mem 0x0009fff0-0x0009ffff]
[    0.000000] Scanning 1 areas for low memory corruption
[    0.000000] RAMDISK: [mem 0x357cf000-0x36bdefff]
[    0.000000] ACPI: Early table checksum verification disabled
[    0.000000] ACPI: RSDP 0x00000000000E0000 000024 (v02 VBOX  )
[    0.000000] ACPI: XSDT 0x0000000063FF0030 00003C (v01 VBOX   VBOXXSDT 00000001 ASL  00000061)
[    0.000000] ACPI: FACP 0x0000000063FF00F0 0000F4 (v04 VBOX   VBOXFACP 00000001 ASL  00000061)
[    0.000000] ACPI: DSDT 0x0000000063FF0610 002353 (v02 VBOX   VBOXBIOS 00000002 INTL 20100528)
[    0.000000] ACPI: FACS 0x0000000063FF0200 000040
[    0.000000] ACPI: FACS 0x0000000063FF0200 000040
[    0.000000] ACPI: APIC 0x0000000063FF0240 00005C (v02 VBOX   VBOXAPIC 00000001 ASL  00000061)
[    0.000000] ACPI: SSDT 0x0000000063FF02A0 00036C (v01 VBOX   VBOXCPUT 00000002 INTL 20100528)
[    0.000000] ACPI: Reserving FACP table memory at [mem 0x63ff00f0-0x63ff01e3]
[    0.000000] ACPI: Reserving DSDT table memory at [mem 0x63ff0610-0x63ff2962]
[    0.000000] ACPI: Reserving FACS table memory at [mem 0x63ff0200-0x63ff023f]
[    0.000000] ACPI: Reserving FACS table memory at [mem 0x63ff0200-0x63ff023f]
[    0.000000] ACPI: Reserving APIC table memory at [mem 0x63ff0240-0x63ff029b]
[    0.000000] ACPI: Reserving SSDT table memory at [mem 0x63ff02a0-0x63ff060b]
[    0.000000] No NUMA configuration found
[    0.000000] Faking a node at [mem 0x0000000000000000-0x0000000063feffff]
[    0.000000] NODE_DATA(0) allocated [mem 0x63fc5000-0x63feffff]
[    0.000000] kvm-clock: cpu 0, msr 0:63f44001, primary cpu clock
[    0.000000] kvm-clock: Using msrs 4b564d01 and 4b564d00
[    0.000000] kvm-clock: using sched offset of 3483740253 cycles
[    0.000000] clocksource: kvm-clock: mask: 0xffffffffffffffff max_cycles: 0x1cd42e4dffb, max_idle_ns: 881590591483 ns
[    0.000000] Zone ranges:
[    0.000000]   DMA      [mem 0x0000000000001000-0x0000000000ffffff]
[    0.000000]   DMA32    [mem 0x0000000001000000-0x0000000063feffff]
[    0.000000]   Normal   empty
[    0.000000]   Device   empty
[    0.000000] Movable zone start for each node
[    0.000000] Early memory node ranges
[    0.000000]   node   0: [mem 0x0000000000001000-0x000000000009efff]
[    0.000000]   node   0: [mem 0x0000000000100000-0x0000000063feffff]
[    0.000000] Reserved but unavailable: 104 pages
[    0.000000] Initmem setup node 0 [mem 0x0000000000001000-0x0000000063feffff]
[    0.000000] ACPI: PM-Timer IO Port: 0x4008
[    0.000000] IOAPIC[0]: apic_id 2, version 32, address 0xfec00000, GSI 0-23
[    0.000000] ACPI: INT_SRC_OVR (bus 0 bus_irq 0 global_irq 2 dfl dfl)
[    0.000000] ACPI: INT_SRC_OVR (bus 0 bus_irq 9 global_irq 9 low level)
[    0.000000] Using ACPI (MADT) for SMP configuration information
[    0.000000] smpboot: Allowing 2 CPUs, 0 hotplug CPUs
[    0.000000] PM: Registered nosave memory: [mem 0x00000000-0x00000fff]
[    0.000000] PM: Registered nosave memory: [mem 0x0009f000-0x0009ffff]
[    0.000000] PM: Registered nosave memory: [mem 0x000a0000-0x000effff]
[    0.000000] PM: Registered nosave memory: [mem 0x000f0000-0x000fffff]
[    0.000000] e820: [mem 0x64000000-0xfebfffff] available for PCI devices
[    0.000000] Booting paravirtualized kernel on KVM
[    0.000000] clocksource: refined-jiffies: mask: 0xffffffff max_cycles: 0xffffffff, max_idle_ns: 7645519600211568 ns
[    0.000000] setup_percpu: NR_CPUS:8192 nr_cpumask_bits:2 nr_cpu_ids:2 nr_node_ids:1
[    0.000000] percpu: Embedded 50 pages/cpu s167936 r8192 d28672 u1048576
[    0.000000] PV qspinlock hash table entries: 256 (order: 0, 4096 bytes)
[    0.000000] Built 1 zonelists, mobility grouping on.  Total pages: 403065
[    0.000000] Policy zone: DMA32
[    0.000000] Kernel command line: BOOT_IMAGE=/boot/vmlinuz-4.15.0-213-generic root=UUID=f685bb41-0e3b-40c4-89c1-eea0f0583525 ro console=tty1 console=ttyS0
[    0.000000] Memory: 1561212K/1637944K available (12300K kernel code, 2477K rwdata, 4324K rodata, 2480K init, 2720K bss, 76732K reserved, 0K cma-reserved)
[    0.000000] SLUB: HWalign=64, Order=0-3, MinObjects=0, CPUs=2, Nodes=1
[    0.000000] Kernel/User page tables isolation: enabled
[    0.000000] ftrace: allocating 39508 entries in 155 pages
[    0.004000] Hierarchical RCU implementation.
[    0.004000] 	RCU restricting CPUs from NR_CPUS=8192 to nr_cpu_ids=2.
[    0.004000] 	Tasks RCU enabled.
[    0.004000] RCU: Adjusting geometry for rcu_fanout_leaf=16, nr_cpu_ids=2
[    0.004000] NR_IRQS: 524544, nr_irqs: 440, preallocated irqs: 16
[    0.004000] random: crng init done
[    0.004000] Console: colour VGA+ 80x25
[    0.004000] console [tty1] enabled
[    0.004000] console [ttyS0] enabled
[    0.004000] ACPI: Core revision 20170831
[    0.004000] ACPI: 2 ACPI AML tables successfully acquired and loaded
[    0.004000] APIC: Switch to symmetric I/O mode setup
[    0.004000] x2apic enabled
[    0.004000] Switched APIC routing to physical x2apic.
[    0.004000] ..TIMER: vector=0x30 apic1=0 pin1=2 apic2=-1 pin2=-1
[    0.004005] tsc: Detected 2712.000 MHz processor
[    0.008011] Calibrating delay loop (skipped) preset value.. 5424.00 BogoMIPS (lpj=10848000)
[    0.010075] pid_max: default: 32768 minimum: 301
[    0.011172] Security Framework initialized
[    0.012003] Yama: becoming mindful.
[    0.012890] AppArmor: AppArmor initialized
[    0.016683] Dentry cache hash table entries: 262144 (order: 9, 2097152 bytes)
[    0.020053] Inode-cache hash table entries: 131072 (order: 8, 1048576 bytes)
[    0.024014] Mount-cache hash table entries: 4096 (order: 3, 32768 bytes)
[    0.025476] Mountpoint-cache hash table entries: 4096 (order: 3, 32768 bytes)
[    0.027283] Last level iTLB entries: 4KB 64, 2MB 8, 4MB 8
[    0.028002] Last level dTLB entries: 4KB 64, 2MB 0, 4MB 0, 1GB 4
[    0.029488] Spectre V1 : Mitigation: usercopy/swapgs barriers and __user pointer sanitization
[    0.032004] Spectre V2 : Mitigation: Retpolines
[    0.033288] Spectre V2 : Spectre v2 / SpectreRSB mitigation: Filling RSB on context switch
[    0.035110] Spectre V2 : Spectre v2 / SpectreRSB : Filling RSB on VMEXIT
[    0.036002] RETBleed: WARNING: Spectre v2 mitigation leaves CPU vulnerable to RETBleed attacks, data leaks possible!
[    0.038456] RETBleed: Vulnerable
[    0.040002] Speculative Store Bypass: Vulnerable
[    0.041207] MDS: Mitigation: Clear CPU buffers
[    0.042171] MMIO Stale Data: Mitigation: Clear CPU buffers
[    0.043505] SRBDS: Unknown: Dependent on hypervisor status
[    0.044290] Freeing SMP alternatives memory: 36K
[    0.156651] smpboot: CPU0: Intel(R) Core(TM) i7-6820HQ CPU @ 2.70GHz (family: 0x6, model: 0x5e, stepping: 0x3)
[    0.159280] Performance Events: unsupported p6 CPU model 94 no PMU driver, software events only.
[    0.160041] Hierarchical SRCU implementation.
[    0.161994] NMI watchdog: Perf event create on CPU 0 failed with -2
[    0.164002] NMI watchdog: Perf NMI watchdog permanently disabled
[    0.165940] smp: Bringing up secondary CPUs ...
[    0.168208] x86: Booting SMP configuration:
[    0.169374] .... node  #0, CPUs:      #1
[    0.004000] kvm-clock: cpu 1, msr 0:63f44041, secondary cpu clock
[    0.174171] smp: Brought up 1 node, 2 CPUs
[    0.174171] smpboot: Max logical packages: 1
[    0.176004] smpboot: Total of 2 processors activated (10848.00 BogoMIPS)
[    0.178035] devtmpfs: initialized
[    0.178035] x86/mm: Memory block size: 128MB
[    0.180242] evm: security.selinux
[    0.181242] evm: security.SMACK64
[    0.182287] evm: security.SMACK64EXEC
[    0.184022] evm: security.SMACK64TRANSMUTE
[    0.185476] evm: security.SMACK64MMAP
[    0.186615] evm: security.apparmor
[    0.187646] evm: security.ima
[    0.188003] evm: security.capability
[    0.189272] clocksource: jiffies: mask: 0xffffffff max_cycles: 0xffffffff, max_idle_ns: 7645041785100000 ns
[    0.192030] futex hash table entries: 512 (order: 3, 32768 bytes)
[    0.193702] pinctrl core: initialized pinctrl subsystem
[    0.195156] RTC time: 11:21:23, date: 10/16/24
[    0.196282] NET: Registered protocol family 16
[    0.197779] audit: initializing netlink subsys (disabled)
[    0.200031] audit: type=2000 audit(1729077689.190:1): state=initialized audit_enabled=0 res=1
[    0.202150] cpuidle: using governor ladder
[    0.202150] cpuidle: using governor menu
[    0.204041] ACPI: bus type PCI registered
[    0.205147] acpiphp: ACPI Hot Plug PCI Controller Driver version: 0.5
[    0.206917] PCI: Using configuration type 1 for base access
[    0.212036] HugeTLB registered 2.00 MiB page size, pre-allocated 0 pages
[    0.216062] ACPI: Added _OSI(Module Device)
[    0.217298] ACPI: Added _OSI(Processor Device)
[    0.218767] ACPI: Added _OSI(3.0 _SCP Extensions)
[    0.220000] ACPI: Added _OSI(Processor Aggregator Device)
[    0.220007] ACPI: Added _OSI(Linux-Dell-Video)
[    0.221315] ACPI: Added _OSI(Linux-Lenovo-NV-HDMI-Audio)
[    0.222718] ACPI: Added _OSI(Linux-HPI-Hybrid-Graphics)
[    0.224325] ACPI: Executed 1 blocks of module-level executable AML code
[    0.231750] ACPI: Interpreter enabled
[    0.232030] ACPI: (supports S0 S5)
[    0.233013] ACPI: Using IOAPIC for interrupt routing
[    0.236611] PCI: Using host bridge windows from ACPI; if necessary, use "pci=nocrs" and report a bug
[    0.239727] ACPI: Enabled 2 GPEs in block 00 to 07
[    0.249584] ACPI: PCI Root Bridge [PCI0] (domain 0000 [bus 00-ff])
[    0.251530] acpi PNP0A03:00: _OSC: OS supports [ASPM ClockPM Segments MSI]
[    0.252658] acpi PNP0A03:00: _OSC: not requesting OS control; OS requires [ExtendedConfig ASPM ClockPM MSI]
[    0.256015] acpi PNP0A03:00: fail to add MMCONFIG information, can't access extended PCI configuration space under this bridge.
[    0.259360] PCI host bridge to bus 0000:00
[    0.260004] pci_bus 0000:00: root bus resource [io  0x0000-0x0cf7 window]
[    0.261853] pci_bus 0000:00: root bus resource [io  0x0d00-0xffff window]
[    0.264004] pci_bus 0000:00: root bus resource [mem 0x000a0000-0x000bffff window]
[    0.266168] pci_bus 0000:00: root bus resource [mem 0x64000000-0xfdffffff window]
[    0.268004] pci_bus 0000:00: root bus resource [bus 00-ff]
[    0.273636] pci 0000:00:01.1: legacy IDE quirk: reg 0x10: [io  0x01f0-0x01f7]
[    0.275284] pci 0000:00:01.1: legacy IDE quirk: reg 0x14: [io  0x03f6]
[    0.276003] pci 0000:00:01.1: legacy IDE quirk: reg 0x18: [io  0x0170-0x0177]
[    0.277790] pci 0000:00:01.1: legacy IDE quirk: reg 0x1c: [io  0x0376]
[    0.305851] pci 0000:00:07.0: quirk: [io  0x4000-0x403f] claimed by PIIX4 ACPI
[    0.308000] pci 0000:00:07.0: quirk: [io  0x4100-0x410f] claimed by PIIX4 SMB
[    0.331317] ACPI: PCI Interrupt Link [LNKA] (IRQs 5 9 10 *11)
[    0.332562] ACPI: PCI Interrupt Link [LNKB] (IRQs 5 9 *10 11)
[    0.334473] ACPI: PCI Interrupt Link [LNKC] (IRQs 5 *9 10 11)
[    0.336174] ACPI: PCI Interrupt Link [LNKD] (IRQs 5 9 10 *11)
[    0.338410] SCSI subsystem initialized
[    0.340078] pci 0000:00:02.0: vgaarb: setting as boot VGA device
[    0.341523] pci 0000:00:02.0: vgaarb: VGA device added: decodes=io+mem,owns=io+mem,locks=none
[    0.343639] pci 0000:00:02.0: vgaarb: bridge control possible
[    0.344003] vgaarb: loaded
[    0.344848] ACPI: bus type USB registered
[    0.348020] usbcore: registered new interface driver usbfs
[    0.349526] usbcore: registered new interface driver hub
[    0.351033] usbcore: registered new device driver usb
[    0.352073] EDAC MC: Ver: 3.0.0
[    0.353289] PCI: Using ACPI for IRQ routing
[    0.353407] NetLabel: Initializing
[    0.356002] NetLabel:  domain hash size = 128
[    0.357229] NetLabel:  protocols = UNLABELED CIPSOv4 CALIPSO
[    0.358793] NetLabel:  unlabeled traffic allowed by default
[    0.360160] clocksource: Switched to clocksource kvm-clock
[    0.380841] VFS: Disk quotas dquot_6.6.0
[    0.382302] VFS: Dquot-cache hash table entries: 512 (order 0, 4096 bytes)
[    0.384256] AppArmor: AppArmor Filesystem Enabled
[    0.385540] pnp: PnP ACPI init
[    0.387784] pnp: PnP ACPI: found 3 devices
[    0.398415] clocksource: acpi_pm: mask: 0xffffff max_cycles: 0xffffff, max_idle_ns: 2085701024 ns
[    0.400769] NET: Registered protocol family 2
[    0.402169] IP idents hash table entries: 32768 (order: 6, 262144 bytes)
[    0.404826] TCP established hash table entries: 16384 (order: 5, 131072 bytes)
[    0.407082] TCP bind hash table entries: 16384 (order: 6, 262144 bytes)
[    0.411667] TCP: Hash tables configured (established 16384 bind 16384)
[    0.413264] UDP hash table entries: 1024 (order: 3, 32768 bytes)
[    0.414845] UDP-Lite hash table entries: 1024 (order: 3, 32768 bytes)
[    0.416493] NET: Registered protocol family 1
[    0.417662] pci 0000:00:00.0: Limiting direct PCI/PCI transfers
[    0.419237] pci 0000:00:01.0: Activating ISA DMA hang workarounds
[    0.420830] pci 0000:00:02.0: Video device with shadowed ROM at [mem 0x000c0000-0x000dffff]
[    0.422950] Unpacking initramfs...
[    0.808980] Freeing initrd memory: 20544K
[    0.810296] clocksource: tsc: mask: 0xffffffffffffffff max_cycles: 0x2717868ea45, max_idle_ns: 440795316085 ns
[    0.812990] platform rtc_cmos: registered platform RTC device (no PNP device found)
[    0.815278] Scanning for low memory corruption every 60 seconds
[    0.818075] Initialise system trusted keyrings
[    0.819140] Key type blacklist registered
[    0.820239] workingset: timestamp_bits=36 max_order=19 bucket_order=0
[    0.822802] zbud: loaded
[    0.824106] squashfs: version 4.0 (2009/01/31) Phillip Lougher
[    0.825828] fuse init (API version 7.26)
[    0.835275] Key type asymmetric registered
[    0.836592] Asymmetric key parser 'x509' registered
[    0.837811] Block layer SCSI generic (bsg) driver version 0.4 loaded (major 246)
[    0.839656] io scheduler noop registered
[    0.840765] io scheduler deadline registered
[    0.841841] io scheduler cfq registered (default)
[    0.843591] ACPI: AC Adapter [AC] (on-line)
[    0.844937] input: Power Button as /devices/LNXSYSTM:00/LNXPWRBN:00/input/input0
[    0.847016] ACPI: Power Button [PWRF]
[    0.851025] input: Sleep Button as /devices/LNXSYSTM:00/LNXSLPBN:00/input/input1
[    0.853159] ACPI: Sleep Button [SLPF]
[    0.855561] ACPI: Battery Slot [BAT0] (battery present)
[    0.856951] Serial: 8250/16550 driver, 32 ports, IRQ sharing enabled
[    0.879116] 00:02: ttyS0 at I/O 0x3f8 (irq = 4, base_baud = 115200) is a 16550A
[    0.882924] Linux agpgart interface v0.103
[    0.885176] loop: module loaded
[    0.887047] scsi host0: ata_piix
[    0.888117] scsi host1: ata_piix
[    0.889092] ata1: PATA max UDMA/33 cmd 0x1f0 ctl 0x3f6 bmdma 0xd000 irq 14
[    0.890835] ata2: PATA max UDMA/33 cmd 0x170 ctl 0x376 bmdma 0xd008 irq 15
[    0.892751] tun: Universal TUN/TAP device driver, 1.6
[    0.894269] PPP generic driver version 2.4.2
[    0.895456] ehci_hcd: USB 2.0 'Enhanced' Host Controller (EHCI) Driver
[    0.897301] ehci-pci: EHCI PCI platform driver
[    0.898494] ehci-platform: EHCI generic platform driver
[    0.899800] ohci_hcd: USB 1.1 'Open' Host Controller (OHCI) Driver
[    0.901633] ohci-pci: OHCI PCI platform driver
[    0.902970] ohci-platform: OHCI generic platform driver
[    0.904238] uhci_hcd: USB Universal Host Controller Interface driver
[    0.905921] i8042: PNP: PS/2 Controller [PNP0303:PS2K,PNP0f03:PS2M] at 0x60,0x64 irq 1,12
[    0.908920] serio: i8042 KBD port at 0x60,0x64 irq 1
[    0.910275] serio: i8042 AUX port at 0x60,0x64 irq 12
[    0.911589] mousedev: PS/2 mouse device common for all mice
[    0.913440] input: AT Translated Set 2 keyboard as /devices/platform/i8042/serio0/input/input2
[    0.916087] rtc_cmos rtc_cmos: rtc core: registered rtc_cmos as rtc0
[    0.917881] rtc_cmos rtc_cmos: alarms up to one day, 114 bytes nvram
[    0.919412] i2c /dev entries driver
[    0.920710] device-mapper: uevent: version 1.0.3
[    0.921913] device-mapper: ioctl: 4.37.0-ioctl (2017-09-20) initialised: dm-devel@redhat.com
[    0.924053] ledtrig-cpu: registered to indicate activity on CPUs
[    0.926146] NET: Registered protocol family 10
[    0.933869] Segment Routing with IPv6
[    0.934971] NET: Registered protocol family 17
[    0.936275] Key type dns_resolver registered
[    0.937624] mce: Using 0 MCE banks
[    0.938452] RAS: Correctable Errors collector initialized.
[    0.939735] sched_clock: Marking stable (937561786, 0)->(1201498064, -263936278)
[    0.941819] registered taskstats version 1
[    0.942954] Loading compiled-in X.509 certificates
[    0.947983] Loaded X.509 cert 'Build time autogenerated kernel key: cdc7189136aaa35407544516090e2034d9c28e14'
[    0.951751] Loaded X.509 cert 'Canonical Ltd. Live Patch Signing: 14df34d1a87cf37625abec039ef2bf521249b969'
[    0.954759] Loaded X.509 cert 'Canonical Ltd. Kernel Module Signing: 88f752e560a1e0737e31163a466ad7b70a850c19'
[    0.957443] blacklist: Loading compiled-in revocation X.509 certificates
[    0.958970] Loaded X.509 cert 'Canonical Ltd. Secure Boot Signing: 61482aa2830d0ab2ad5af10b7250da9033ddcef0'
[    0.961441] Loaded X.509 cert 'Canonical Ltd. Secure Boot Signing (2017): 242ade75ac4a15e50d50c84b0d45ff3eae707a03'
[    0.964212] Loaded X.509 cert 'Canonical Ltd. Secure Boot Signing (ESM 2018): 365188c1d374d6b07c3c8f240f8ef722433d6a8b'
[    0.966986] Loaded X.509 cert 'Canonical Ltd. Secure Boot Signing (2019): c0746fd6c5da3ae827864651ad66ae47fe24b3e8'
[    0.969868] Loaded X.509 cert 'Canonical Ltd. Secure Boot Signing (2021 v1): a8d54bbb3825cfb94fa13c9f8a594a195c107b8d'
[    0.972401] Loaded X.509 cert 'Canonical Ltd. Secure Boot Signing (2021 v2): 4cf046892d6fd3c9a5b03f98d845f90851dc6a8c'
[    0.975293] Loaded X.509 cert 'Canonical Ltd. Secure Boot Signing (2021 v3): 100437bb6de6e469b581e61cd66bce3ef4ed53af'
[    0.978171] Loaded X.509 cert 'Canonical Ltd. Secure Boot Signing (Ubuntu Core 2019): c1d57b8f6b743f23ee41f4f7ee292f06eecadfb9'
[    0.981165] zswap: loaded using pool lzo/zbud
[    0.986050] Key type big_key registered
[    0.987291] Key type trusted registered
[    0.990145] Key type encrypted registered
[    0.991262] AppArmor: AppArmor sha1 policy hashing enabled
[    0.992771] ima: No TPM chip found, activating TPM-bypass! (rc=-19)
[    0.994388] ima: Allocated hash algorithm: sha1
[    0.995580] evm: HMAC attrs: 0x1
[    0.997129]   Magic number: 12:216:378
[    0.998236] rtc_cmos rtc_cmos: setting system clock to 2024-10-16 11:21:24 UTC (1729077684)
[    1.000739] BIOS EDD facility v0.16 2004-Jun-25, 0 devices found
[    1.002075] EDD information not available.
[    1.182827] Freeing unused kernel image memory: 2480K
[    1.196696] Write protecting the kernel read-only data: 20480k
[    1.199396] Freeing unused kernel image memory: 2008K
[    1.201360] Freeing unused kernel image memory: 1820K
[    1.212906] x86/mm: Checked W+X mappings: passed, no W+X pages found.
[    1.214818] x86/mm: Checking user space page tables
[    1.226380] x86/mm: Checked W+X mappings: passed, no W+X pages found.
Loading, please wait...
starting version 237
[    1.307851] e1000: Intel(R) PRO/1000 Network Driver - version 7.3.21-k8-NAPI
[    1.309816] e1000: Copyright (c) 1999-2006 Intel Corporation.
[    1.325049] Fusion MPT base driver 3.04.20
[    1.326435] Copyright (c) 1999-2008 LSI Corporation
[    1.348489] AVX2 version of gcm_enc/dec engaged.
[    1.349754] AES CTR mode by8 optimization enabled
[    1.354772] Fusion MPT SPI Host driver 3.04.20
[    1.532153] input: ImExPS/2 Generic Explorer Mouse as /devices/platform/i8042/serio1/input/input4
[    1.851010] e1000 0000:00:03.0 eth0: (PCI:33MHz:32-bit) 02:3b:7b:b7:3b:2d
[    1.852876] e1000 0000:00:03.0 eth0: Intel(R) PRO/1000 Network Connection
[    3.256493] e1000 0000:00:08.0 eth1: (PCI:33MHz:32-bit) 08:00:27:ae:2a:97
[    3.259247] e1000 0000:00:08.0 eth1: Intel(R) PRO/1000 Network Connection
[    3.262159] mptbase: ioc0: Initiating bringup
[    3.369022] ioc0: LSI53C1030 A0: Capabilities={Initiator}
[    3.612997] scsi host2: ioc0: LSI53C1030 A0, FwRev=00000000h, Ports=1, MaxQ=256, IRQ=20
[    3.781940] scsi 2:0:0:0: Direct-Access     VBOX     HARDDISK         1.0  PQ: 0 ANSI: 5
[    3.895018] scsi target2:0:0: Beginning Domain Validation
[    3.929810] scsi target2:0:0: Domain Validation skipping write tests
[    3.931541] scsi target2:0:0: Ending Domain Validation
[    3.932867] scsi target2:0:0: asynchronous
[    3.936002] scsi 2:0:1:0: Direct-Access     VBOX     HARDDISK         1.0  PQ: 0 ANSI: 5
[    4.188392] scsi target2:0:1: Beginning Domain Validation
[    4.192957] scsi target2:0:1: Domain Validation skipping write tests
[    4.194370] scsi target2:0:1: Ending Domain Validation
[    4.195774] scsi target2:0:1: asynchronous
[    4.203911] sd 2:0:0:0: Attached scsi generic sg0 type 0
[    4.203931] sd 2:0:0:0: [sda] 83886080 512-byte logical blocks: (42.9 GB/40.0 GiB)
[    4.205750] sd 2:0:1:0: Attached scsi generic sg1 type 0
[    4.207058] sd 2:0:0:0: [sda] Write Protect is off
[    4.209684] sd 2:0:1:0: [sdb] 20480 512-byte logical blocks: (10.5 MB/10.0 MiB)
[    4.211415] sd 2:0:0:0: [sda] Incomplete mode parameter data
[    4.212862] sd 2:0:0:0: [sda] Assuming drive cache: write through
[    4.214171] sd 2:0:1:0: [sdb] Write Protect is off
[    4.216162] sd 2:0:1:0: [sdb] Incomplete mode parameter data
[    4.217542] sd 2:0:1:0: [sdb] Assuming drive cache: write through
[    4.221033]  sda: sda1
[    4.222965] sd 2:0:0:0: [sda] Attached SCSI disk
[    4.225238] sd 2:0:1:0: [sdb] Attached SCSI disk
[    4.231353] e1000 0000:00:09.0 eth2: (PCI:33MHz:32-bit) 08:00:27:34:65:5d
[    4.233333] e1000 0000:00:09.0 eth2: Intel(R) PRO/1000 Network Connection
[    4.237936] e1000 0000:00:03.0 enp0s3: renamed from eth0
[    4.257160] e1000 0000:00:08.0 enp0s8: renamed from eth1
[    4.276954] e1000 0000:00:09.0 enp0s9: renamed from eth2
Begin: Loading essential drivers ... [    5.860107] raid6: sse2x1   gen() 10694 MB/s
[    5.908084] raid6: sse2x1   xor()  7746 MB/s
[    5.956116] raid6: sse2x2   gen() 12708 MB/s
[    6.004062] raid6: sse2x2   xor()  8070 MB/s
[    6.052281] raid6: sse2x4   gen() 12829 MB/s
[    6.100182] raid6: sse2x4   xor()  7621 MB/s
[    6.148044] raid6: avx2x1   gen() 21034 MB/s
[    6.196134] raid6: avx2x1   xor() 14765 MB/s
[    6.244198] raid6: avx2x2   gen() 23884 MB/s
[    6.292065] raid6: avx2x2   xor() 15780 MB/s
[    6.340022] raid6: avx2x4   gen() 27427 MB/s
[    6.388181] raid6: avx2x4   xor() 16506 MB/s
[    6.389370] raid6: using algorithm avx2x4 gen() 27427 MB/s
[    6.390737] raid6: .... xor() 16506 MB/s, rmw enabled
[    6.392032] raid6: using avx2x2 recovery algorithm
[    6.395271] xor: automatically using best checksumming function   avx       
[    6.398294] async_tx: api initialized (async)
done.
Begin: Running /scripts/init-premount ... done.
Begin: Mounting root file system ... Begin: Running /scripts/local-top ... done.
Begin: Running /scripts/local-premount ... [    6.454360] Btrfs loaded, crc32c=crc32c-intel
Scanning for Btrfs filesystems
done.
Begin: Will now check root file system ... fsck from util-linux 2.31.1
[/sbin/fsck.ext4 (1) -- /dev/sda1] fsck.ext4 -a -C0 /dev/sda1 
cloudimg-rootfs: clean, 117325/5120000 files, 864177/10485499 blocks
done.
[    6.503874] EXT4-fs (sda1): mounted filesystem with ordered data mode. Opts: (null)
done.
Begin: Running /scripts/local-bottom ... done.
Begin: Running /scripts/init-bottom ... done.
[    6.723662] ip_tables: (C) 2000-2006 Netfilter Core Team
[    6.732739] systemd[1]: systemd 237 running in system mode. (+PAM +AUDIT +SELINUX +IMA +APPARMOR +SMACK +SYSVINIT +UTMP +LIBCRYPTSETUP +GCRYPT +GNUTLS +ACL +XZ +LZ4 +SECCOMP +BLKID +ELFUTILS +KMOD -IDN2 +IDN -PCRE2 default-hierarchy=hybrid)
[    6.737378] systemd[1]: Detected virtualization oracle.
[    6.738458] systemd[1]: Detected architecture x86-64.

Welcome to [1mUbuntu 18.04.6 LTS[0m!

[    6.761111] systemd[1]: Set hostname to <ubuntu-bionic>.
[    7.478530] systemd[1]: Started Forward Password Requests to Wall Directory Watch.
[[0;32m  OK  [0m] Started Forward Password Requests to Wall Directory Watch.
[    7.481332] systemd[1]: Reached target System Time Synchronized.
[[0;32m  OK  [0m] Reached target System Time Synchronized.
[    7.483456] systemd[1]: Reached target Swap.
[[0;32m  OK  [0m] Reached target Swap.
[    7.485231] systemd[1]: Reached target User and Group Name Lookups.
[[0;32m  OK  [0m] Reached target User and Group Name Lookups.
[    7.487684] systemd[1]: Set up automount Arbitrary Executable File Formats File System Automount Point.
[[0;32m  OK  [0m] Set up automount Arbitrary Executab…rmats File System Automount Point.
[    7.492977] systemd[1]: Created slice User and Session Slice.
[[0;32m  OK  [0m] Created slice User and Session Slice.
[[0;32m  OK  [0m] Created slice System Slice.
[[0;32m  OK  [0m] Listening on Device-mapper event daemon FIFOs.
[[0;32m  OK  [0m] Listening on LVM2 poll daemon socket.
[[0;32m  OK  [0m] Listening on udev Control Socket.
[[0;32m  OK  [0m] Listening on fsck to fsckd communication Socket.
[[0;32m  OK  [0m] Listening on udev Kernel Socket.
[[0;32m  OK  [0m] Listening on RPCbind Server Activation Socket.
[[0;32m  OK  [0m] Listening on Network Service Netlink Socket.
[[0;32m  OK  [0m] Listening on Journal Socket (/dev/log).
[[0;32m  OK  [0m] Listening on /dev/initctl Compatibility Named Pipe.
[[0;32m  OK  [0m] Created slice system-serial\x2dgetty.slice.
[[0;32m  OK  [0m] Listening on LVM2 metadata daemon socket.
[[0;32m  OK  [0m] Reached target Slices.
[[0;32m  OK  [0m] Listening on Journal Socket.
         Mounting POSIX Message Queue File System...
         Starting udev Coldplug all Devices...
         Starting Create list of required st…ce nodes for the current kernel...
         Starting Load Kernel Modules...
         Starting Remount Root and Kernel File Systems...
[    8.364419] Loading iSCSI transport class v2.0-870.
[    8.371115] iscsi: registered transport (tcp)
         Mounting Kernel Debug File System...
         Starting Uncomplicated firewall...
         Starting Set the console keyboard layout...
         Starting Monitoring of LVM2 mirrors…ng dmeventd or progress polling...
         Mounting NFSD configuration filesystem...
[    8.424741] iscsi: registered transport (iser)
         Mounting Huge Pages File System...
[[0;32m  OK  [0m] Listening on Journal Audit Socket.
[[0;32m  OK  [0m] Reached target Mounting snaps.
[[0;32m  OK  [0m] Reached target Mounted snaps.
         Mounting RPC Pipe File System...
[[0;32m  OK  [0m] Listening on Syslog Socket.
[    8.455749] RPC: Registered named UNIX socket transport module.
[    8.457215] RPC: Registered udp transport module.
[    8.458986] RPC: Registered tcp transport module.
[    8.460248] RPC: Registered tcp NFSv4.1 backchannel transport module.
[    8.462347] EXT4-fs (sda1): re-mounted. Opts: (null)
         Starting Journal Service...
[[0;32m  OK  [0m] Mounted POSIX Message Queue File System.
[[0;32m  OK  [0m] Started Create list of required sta…vice nodes for the current kernel.
[[0;32m  OK  [0m] Started Load Kernel Modules.
[[0;32m  OK  [0m] Started Remount Root and Kernel File Systems.
[[0;32m  OK  [0m] Mounted Kernel Debug File System.
[[0;32m  OK  [0m] Started Uncomplicated firewall.
[[0;32m  OK  [0m] Mounted Huge Pages File System.
[[0;32m  OK  [0m] Mounted RPC Pipe File System.
[[0;32m  OK  [0m] Started LVM2 metadata daemon.
         Starting pNFS block layout mapping daemon...
[    8.516555] Installing knfsd (copyright (C) 1996 okir@monad.swb.de).
         Starting Load/Save Random Seed...
         Mounting Kernel Configuration File System...
         Mounting FUSE Control File System...
         Starting Apply Kernel Variables...
         Starting Create Static Device Nodes in /dev...
[[0;32m  OK  [0m] Mounted NFSD configuration filesystem.
[[0;32m  OK  [0m] Started udev Coldplug all Devices.
[[0;32m  OK  [0m] Started pNFS block layout mapping daemon.
[[0;32m  OK  [0m] Started Load/Save Random Seed.
[[0;32m  OK  [0m] Mounted Kernel Configuration File System.
[[0;32m  OK  [0m] Mounted FUSE Control File System.
[[0;32m  OK  [0m] Started Monitoring of LVM2 mirrors,…sing dmeventd or progress polling.
[[0;32m  OK  [0m] Started Apply Kernel Variables.
[[0;32m  OK  [0m] Started Journal Service.
         Starting Flush Journal to Persistent Storage...
[[0;32m  OK  [0m] Started Create Static Device Nodes in /dev.
         Starting udev Kernel Device Manager...
[[0;32m  OK  [0m] Started udev Kernel Device Manager.
[[0;32m  OK  [0m] Started Set the console keyboard layout.
[[0;32m  OK  [0m] Reached target Local File Systems (Pre).
[[0;32m  OK  [0m] Reached target Local File Systems.
         Starting AppArmor initialization...
         Starting Set console font and keymap...
         Starting Preprocess NFS configuration...
         Starting ebtables ruleset management...
         Starting QEMU KVM preparation - module, ksm, hugepages...
         Starting Tell Plymouth To Write Out Runtime Data...
[[0;32m  OK  [0m] Started Dispatch Password Requests to Console Directory Watch.
[[0;32m  OK  [0m] Reached target Local Encrypted Volumes.
[[0;32m  OK  [0m] Started Flush Journal to Persistent Storage.
[[0;32m  OK  [0m] Started Set console font and keymap.
         Starting Create Volatile Files and Directories...
[[0;32m  OK  [0m] Started Preprocess NFS configuration.
         Starting NFSv4 ID-name mapping service...
[[0;32m  OK  [0m] Reached target NFS client services.
[[0;32m  OK  [0m] Started Tell Plymouth To Write Out Runtime Data.
[[0;32m  OK  [0m] Started NFSv4 ID-name mapping service.
[[0;32m  OK  [0m] Started Create Volatile Files and Directories.
         Starting Update UTMP about System Boot/Shutdown...
         Starting RPC bind portmap service...
[[0;32m  OK  [0m] Started RPC bind portmap service.
[[0;32m  OK  [0m] Reached target RPC Port Mapper.
[[0;32m  OK  [0m] Started Update UTMP about System Boot/Shutdown.
[[0;32m  OK  [0m] Started QEMU KVM preparation - module, ksm, hugepages.
[[0;32m  OK  [0m] Started ebtables ruleset management.
[[0;32m  OK  [0m] Found device /dev/ttyS0.
[[0;32m  OK  [0m] Listening on Load/Save RF Kill Switch Status /dev/rfkill Watch.
[[0;32m  OK  [0m] Started AppArmor initialization.
         Starting Load AppArmor profiles managed internally by snapd...
         Starting Initial cloud-init job (pre-networking)...
         Mounting Arbitrary Executable File Formats File System...
[[0;32m  OK  [0m] Mounted Arbitrary Executable File Formats File System.
[[0;32m  OK  [0m] Started Load AppArmor profiles managed internally by snapd.
[   10.761055] cloud-init[588]: Cloud-init v. 23.1.2-0ubuntu0~18.04.1 running 'init-local' at Wed, 16 Oct 2024 11:21:33 +0000. Up 10.49 seconds.
[[0;32m  OK  [0m] Started Initial cloud-init job (pre-networking).
[[0;32m  OK  [0m] Reached target Network (Pre).
         Starting Network Service...
[[0;32m  OK  [0m] Started Network Service.
         Starting Wait for Network to be Configured...
         Starting Network Name Resolution...
[[0;32m  OK  [0m] Started Network Name Resolution.
[[0;32m  OK  [0m] Reached target Network.
         Starting NFS Mount Daemon...
[[0;32m  OK  [0m] Reached target Host and Network Name Lookups.
[[0;32m  OK  [0m] Started NFS Mount Daemon.
         Starting NFS server and services...
[[0;32m  OK  [0m] Started NFS server and services.
[[0;32m  OK  [0m] Started Wait for Network to be Configured.
         Starting Initial cloud-init job (metadata service crawler)...
[   13.720312] cloud-init[745]: Cloud-init v. 23.1.2-0ubuntu0~18.04.1 running 'init' at Wed, 16 Oct 2024 11:21:36 +0000. Up 13.38 seconds.
[   13.722284] cloud-init[745]: ci-info: ++++++++++++++++++++++++++++++++++++++Net device info+++++++++++++++++++++++++++++++++++++++
[   13.724558] cloud-init[745]: ci-info: +--------+------+-----------------------------+---------------+--------+-------------------+
[   13.726859] cloud-init[745]: ci-info: | Device |  Up  |           Address           |      Mask     | Scope  |     Hw-Address    |
[   13.728908] cloud-init[745]: ci-info: +--------+------+-----------------------------+---------------+--------+-------------------+
[   13.730843] cloud-init[745]: ci-info: | enp0s3 | True |          10.0.2.15          | 255.255.255.0 | global | 02:3b:7b:b7:3b:2d |
[   13.732567] cloud-init[745]: ci-info: | enp0s3 | True |  fe80::3b:7bff:feb7:3b2d/64 |       .       |  link  | 02:3b:7b:b7:3b:2d |
[   13.734141] cloud-init[745]: ci-info: | enp0s8 | True |        192.168.33.10        | 255.255.255.0 | global | 08:00:27:ae:2a:97 |
[   13.735360] cloud-init[745]: ci-info: | enp0s8 | True | fe80::a00:27ff:feae:2a97/64 |       .       |  link  | 08:00:27:ae:2a:97 |
[   13.748301] cloud-init[745]: ci-info: | enp0s9 | True |        172.20.192.153       | 255.255.248.0 | global | 08:00:27:34:65:5d |
[   13.749783] cloud-init[745]: ci-info: | enp0s9 | True | fe80::a00:27ff:fe34:655d/64 |       .       |  link  | 08:00:27:34:65:5d |
[   13.752385] cloud-init[745]: ci-info: |   lo   | True |          127.0.0.1          |   255.0.0.0   |  host  |         .         |
[   13.755494] cloud-init[745]: ci-info: |   lo   | True |           ::1/128           |       .       |  host  |         .         |
[   13.768948] cloud-init[745]: ci-info: +--------+------+-----------------------------+---------------+--------+-------------------+
[   13.772216] cloud-init[745]: ci-info: +++++++++++++++++++++++++++++++Route IPv4 info+++++++++++++++++++++++++++++++
[   13.774764] cloud-init[745]: ci-info: +-------+--------------+--------------+-----------------+-----------+-------+
[   13.777756] cloud-init[745]: ci-info: | Route | Destination  |   Gateway    |     Genmask     | Interface | Flags |
[   13.780332] cloud-init[745]: ci-info: +-------+--------------+--------------+-----------------+-----------+-------+
[   13.782684] cloud-init[745]: ci-info: |   0   |   0.0.0.0    |   10.0.2.2   |     0.0.0.0     |   enp0s3  |   UG  |
[   13.784465] cloud-init[745]: ci-info: |   1   |   0.0.0.0    | 172.20.192.1 |     0.0.0.0     |   enp0s9  |   UG  |
[   13.786028] cloud-init[745]: ci-info: |   2   |   10.0.2.0   |   0.0.0.0    |  255.255.255.0  |   enp0s3  |   U   |
[   13.787988] cloud-init[745]: ci-info: |   3   |   10.0.2.2   |   0.0.0.0    | 255.255.255.255 |   enp0s3  |   UH  |
[   13.790213] cloud-init[745]: ci-info: |   4   | 172.20.192.0 |   0.0.0.0    |  255.255.248.0  |   enp0s9  |   U   |
[   13.792519] cloud-init[745]: ci-info: |   5   | 172.20.192.1 |   0.0.0.0    | 255.255.255.255 |   enp0s9  |   UH  |
[   13.795034] cloud-init[745]: ci-info: |   6   | 192.168.33.0 |   0.0.0.0    |  255.255.255.0  |   enp0s8  |   U   |
[   13.797655] cloud-init[745]: ci-info: +-------+--------------+--------------+-----------------+-----------+-------+
[   13.799947] cloud-init[745]: ci-info: +++++++++++++++++++Route IPv6 info+++++++++++++++++++
[   13.801856] cloud-init[745]: ci-info: +-------+-------------+---------+-----------+-------+
[   13.803811] cloud-init[745]: ci-info: | Route | Destination | Gateway | Interface | Flags |
[   13.805567] cloud-init[745]: ci-info: +-------+-------------+---------+-----------+-------+
[   13.806897] cloud-init[745]: ci-info: |   1   |  fe80::/64  |    ::   |   enp0s9  |   U   |
[   13.808386] cloud-init[745]: ci-info: |   2   |  fe80::/64  |    ::   |   enp0s3  |   U   |
[   13.820278] cloud-init[745]: ci-info: |   3   |  fe80::/64  |    ::   |   enp0s8  |   U   |
[   13.821707] cloud-init[745]: ci-info: |   5   |    local    |    ::   |   enp0s3  |   U   |
[   13.822990] cloud-init[745]: ci-info: |   6   |    local    |    ::   |   enp0s9  |   U   |
[   13.824296] cloud-init[745]: ci-info: |   7   |    local    |    ::   |   enp0s8  |   U   |
[   13.836255] cloud-init[745]: ci-info: |   8   |   ff00::/8  |    ::   |   enp0s9  |   U   |
[   13.838193] cloud-init[745]: ci-info: |   9   |   ff00::/8  |    ::   |   enp0s3  |   U   |
[   13.839960] cloud-init[745]: ci-info: |   10  |   ff00::/8  |    ::   |   enp0s8  |   U   |
[   13.842098] cloud-init[745]: ci-info: +-------+-------------+---------+-----------+-------+
[[0;32m  OK  [0m] Started Initial cloud-init job (metadata service crawler).
[[0;32m  OK  [0m] Reached target Cloud-config availability.
[[0;32m  OK  [0m] Reached target Network is Online.
         Starting Availability of block devices...
[[0;32m  OK  [0m] Reached target Remote File Systems (Pre).
         Mounting /vagrant...
         Mounting /vagrant_data...
[[0;32m  OK  [0m] Reached target System Initialization.
[[0;32m  OK  [0m] Listening on UUID daemon activation socket.
         Starting Socket activation for snappy daemon.
[[0;32m  OK  [0m] Started Daily apt download activities.
[[0;32m  OK  [0m] Started Daily apt upgrade and clean activities.
[[0;32m  OK  [0m] Started Daily Cleanup of Temporary Directories.
[[0;32m  OK  [0m] Listening on Open-iSCSI iscsid Socket.
[[0;32m  OK  [0m] Started Ubuntu Advantage Timer for running repeated jobs.
[[0;32m  OK  [0m] Started Message of the Day.
[[0;32m  OK  [0m] Listening on D-Bus System Message Bus Socket.
[[0;32m  OK  [0m] Listening on cloud-init hotplug hook socket.
[[0;32m  OK  [0m] Listening on ACPID Listen Socket.
[[0;32m  OK  [0m] Started ACPI Events Check.
[[0;32m  OK  [0m] Reached target Paths.
         Starting LXD - unix socket.
[[0;32m  OK  [0m] Started Discard unused blocks once a week.
[[0;32m  OK  [0m] Reached target Timers.
[[0;32m  OK  [0m] Started Availability of block devices.
[[0;32m  OK  [0m] Mounted /vagrant.
[[0;32m  OK  [0m] Mounted /vagrant_data.
[[0;32m  OK  [0m] Listening on Socket activation for snappy daemon.
[[0;32m  OK  [0m] Listening on LXD - unix socket.
[[0;32m  OK  [0m] Reached target Sockets.
[[0;32m  OK  [0m] Reached target Basic System.
[[0;32m  OK  [0m] Started Regular background program processing daemon.
[[0;32m  OK  [0m] Reached target Login Prompts (Pre).
[[0;32m  OK  [0m] Started irqbalance daemon.
         Starting LSB: Record successful boot for GRUB...
[[0;32m  OK  [0m] Started FUSE filesystem for LXC.
         Starting OpenBSD Secure Shell server...
         Starting LXD - container startup/shutdown...
         Starting Login Service...
[[0;32m  OK  [0m] Started Deferred execution scheduler.
[[0;32m  OK  [0m] Started D-Bus System Message Bus.
         Starting Virtualbox guest utils...
         Starting Accounts Service...
         Starting System Logging Service...
         Starting Dispatcher daemon for systemd-networkd...
         Starting Snap Daemon...
[[0;32m  OK  [0m] Reached target Remote File Systems.
         Starting Permit User Sessions...
         Starting LSB: automatic crash report generation...
[[0;32m  OK  [0m] Started Login Service.
[[0;32m  OK  [0m] Started Unattended Upgrades Shutdown.
[[0;32m  OK  [0m] Started OpenBSD Secure Shell server.
[[0;32m  OK  [0m] Started Permit User Sessions.
         Starting Hold until boot process finishes up...
         Starting Terminate Plymouth Boot Screen...
[[0;32m  OK  [0m] Started Hold until boot process finishes up.
[[0;32m  OK  [0m] Started Serial Getty on ttyS0.
         Starting Set console scheme...
[[0;32m  OK  [0m] Started Terminate Plymouth Boot Screen.
[[0;32m  OK  [0m] Started System Logging Service.
[[0;32m  OK  [0m] Started Set console scheme.
[[0;32m  OK  [0m] Created slice system-getty.slice.
[[0;32m  OK  [0m] Started Getty on tty1.
[[0;32m  OK  [0m] Reached target Login Prompts.
         Starting Authorization Manager...
[[0;32m  OK  [0m] Started Virtualbox guest utils.
[[0;32m  OK  [0m] Started LSB: automatic crash report generation.
[[0;32m  OK  [0m] Started LSB: Record successful boot for GRUB.
[[0;32m  OK  [0m] Started LXD - container startup/shutdown.
[[0;32m  OK  [0m] Started Authorization Manager.
[[0;32m  OK  [0m] Started Accounts Service.
[[0;32m  OK  [0m] Created slice User Slice of vagrant.
         Starting User Manager for UID 1000...
[[0;32m  OK  [0m] Started Session 1 of user vagrant.
[[0;32m  OK  [0m] Started Dispatcher daemon for systemd-networkd.
[[0;32m  OK  [0m] Started User Manager for UID 1000.
[[0;32m  OK  [0m] Started Snap Daemon.
         Starting Wait until snapd is fully seeded...
         Starting Time & Date Service...
[[0;32m  OK  [0m] Started Time & Date Service.
[[0;32m  OK  [0m] Started Wait until snapd is fully seeded.
         Starting Apply the settings specified in cloud-config...
[   16.551335] cloud-init[1170]: Cloud-init v. 23.1.2-0ubuntu0~18.04.1 running 'modules:config' at Wed, 16 Oct 2024 11:21:39 +0000. Up 16.37 seconds.
[[0;32m  OK  [0m] Started Apply the settings specified in cloud-config.
[[0;32m  OK  [0m] Reached target Multi-User System.
[[0;32m  OK  [0m] Reached target Graphical Interface.
         Starting Execute cloud user/final scripts...
         Starting Update UTMP about System Runlevel Changes...
[[0;32m  OK  [0m] Started Update UTMP about System Runlevel Changes.
[   17.579775] cloud-init[1295]: Cloud-init v. 23.1.2-0ubuntu0~18.04.1 running 'modules:final' at Wed, 16 Oct 2024 11:21:40 +0000. Up 17.32 seconds.
[   17.581779] cloud-init[1295]: Cloud-init v. 23.1.2-0ubuntu0~18.04.1 finished at Wed, 16 Oct 2024 11:21:41 +0000. Datasource DataSourceNoCloud [seed=/dev/sdb][dsmode=net].  Up 17.56 seconds
[[0;32m  OK  [0m] Started Execute cloud user/final scripts.
[[0;32m  OK  [0m] Reached target Cloud-init target.

Ubuntu 18.04.6 LTS ubuntu-bionic ttyS0

ubuntu-bionic login: 