[    0.000000] Linux version 4.15.0-212-generic (buildd@lcy02-amd64-083) (gcc version 7.5.0 (Ubuntu 7.5.0-3ubuntu1~18.04)) #223-Ubuntu SMP Tue May 23 13:09:22 UTC 2023 (Ubuntu 4.15.0-212.223-generic 4.15.18)
[    0.000000] Command line: BOOT_IMAGE=/boot/vmlinuz-4.15.0-212-generic root=LABEL=cloudimg-rootfs ro console=tty1 console=ttyS0
[    0.000000] KERNEL supported cpus:
[    0.000000]   Intel GenuineIntel
[    0.000000]   AMD AuthenticAMD
[    0.000000]   Centaur CentaurHauls
[    0.000000] x86/fpu: x87 FPU will use FXSAVE
[    0.000000] e820: BIOS-provided physical RAM map:
[    0.000000] BIOS-e820: [mem 0x0000000000000000-0x000000000009fbff] usable
[    0.000000] BIOS-e820: [mem 0x000000000009fc00-0x000000000009ffff] reserved
[    0.000000] BIOS-e820: [mem 0x00000000000f0000-0x00000000000fffff] reserved
[    0.000000] BIOS-e820: [mem 0x0000000000100000-0x000000003ffeffff] usable
[    0.000000] BIOS-e820: [mem 0x000000003fff0000-0x000000003fffffff] ACPI data
[    0.000000] BIOS-e820: [mem 0x00000000fec00000-0x00000000fec00fff] reserved
[    0.000000] BIOS-e820: [mem 0x00000000fee00000-0x00000000fee00fff] reserved
[    0.000000] BIOS-e820: [mem 0x00000000fffc0000-0x00000000ffffffff] reserved
[    0.000000] NX (Execute Disable) protection: active
[    0.000000] SMBIOS 2.5 present.
[    0.000000] DMI: innotek GmbH VirtualBox/VirtualBox, BIOS VirtualBox 12/01/2006
[    0.000000] Hypervisor detected: KVM
[    0.000000] e820: last_pfn = 0x3fff0 max_arch_pfn = 0x400000000
[    0.000000] MTRR: Disabled
[    0.000000] x86/PAT: MTRRs disabled, skipping PAT initialization too.
[    0.000000] CPU MTRRs all blank - virtualized system.
[    0.000000] x86/PAT: Configuration [0-7]: WB  WT  UC- UC  WB  WT  UC- UC  
[    0.000000] found SMP MP-table at [mem 0x0009fff0-0x0009ffff]
[    0.000000] Scanning 1 areas for low memory corruption
[    0.000000] RAMDISK: [mem 0x359cb000-0x36cdcfff]
[    0.000000] ACPI: Early table checksum verification disabled
[    0.000000] ACPI: RSDP 0x00000000000E0000 000024 (v02 VBOX  )
[    0.000000] ACPI: XSDT 0x000000003FFF0030 00003C (v01 VBOX   VBOXXSDT 00000001 ASL  00000061)
[    0.000000] ACPI: FACP 0x000000003FFF00F0 0000F4 (v04 VBOX   VBOXFACP 00000001 ASL  00000061)
[    0.000000] ACPI: DSDT 0x000000003FFF0610 002353 (v02 VBOX   VBOXBIOS 00000002 INTL 20100528)
[    0.000000] ACPI: FACS 0x000000003FFF0200 000040
[    0.000000] ACPI: FACS 0x000000003FFF0200 000040
[    0.000000] ACPI: APIC 0x000000003FFF0240 00005C (v02 VBOX   VBOXAPIC 00000001 ASL  00000061)
[    0.000000] ACPI: SSDT 0x000000003FFF02A0 00036C (v01 VBOX   VBOXCPUT 00000002 INTL 20100528)
[    0.000000] ACPI: Reserving FACP table memory at [mem 0x3fff00f0-0x3fff01e3]
[    0.000000] ACPI: Reserving DSDT table memory at [mem 0x3fff0610-0x3fff2962]
[    0.000000] ACPI: Reserving FACS table memory at [mem 0x3fff0200-0x3fff023f]
[    0.000000] ACPI: Reserving FACS table memory at [mem 0x3fff0200-0x3fff023f]
[    0.000000] ACPI: Reserving APIC table memory at [mem 0x3fff0240-0x3fff029b]
[    0.000000] ACPI: Reserving SSDT table memory at [mem 0x3fff02a0-0x3fff060b]
[    0.000000] No NUMA configuration found
[    0.000000] Faking a node at [mem 0x0000000000000000-0x000000003ffeffff]
[    0.000000] NODE_DATA(0) allocated [mem 0x3ffc5000-0x3ffeffff]
[    0.000000] kvm-clock: cpu 0, msr 0:3ff44001, primary cpu clock
[    0.000000] kvm-clock: Using msrs 4b564d01 and 4b564d00
[    0.000000] kvm-clock: using sched offset of 5492515815 cycles
[    0.000000] clocksource: kvm-clock: mask: 0xffffffffffffffff max_cycles: 0x1cd42e4dffb, max_idle_ns: 881590591483 ns
[    0.000000] Zone ranges:
[    0.000000]   DMA      [mem 0x0000000000001000-0x0000000000ffffff]
[    0.000000]   DMA32    [mem 0x0000000001000000-0x000000003ffeffff]
[    0.000000]   Normal   empty
[    0.000000]   Device   empty
[    0.000000] Movable zone start for each node
[    0.000000] Early memory node ranges
[    0.000000]   node   0: [mem 0x0000000000001000-0x000000000009efff]
[    0.000000]   node   0: [mem 0x0000000000100000-0x000000003ffeffff]
[    0.000000] Reserved but unavailable: 104 pages
[    0.000000] Initmem setup node 0 [mem 0x0000000000001000-0x000000003ffeffff]
[    0.000000] ACPI: PM-Timer IO Port: 0x4008
[    0.000000] IOAPIC[0]: apic_id 2, version 32, address 0xfec00000, GSI 0-23
[    0.000000] ACPI: INT_SRC_OVR (bus 0 bus_irq 0 global_irq 2 dfl dfl)
[    0.000000] ACPI: INT_SRC_OVR (bus 0 bus_irq 9 global_irq 9 low level)
[    0.000000] Using ACPI (MADT) for SMP configuration information
[    0.000000] smpboot: Allowing 2 CPUs, 0 hotplug CPUs
[    0.000000] PM: Registered nosave memory: [mem 0x00000000-0x00000fff]
[    0.000000] PM: Registered nosave memory: [mem 0x0009f000-0x0009ffff]
[    0.000000] PM: Registered nosave memory: [mem 0x000a0000-0x000effff]
[    0.000000] PM: Registered nosave memory: [mem 0x000f0000-0x000fffff]
[    0.000000] e820: [mem 0x40000000-0xfebfffff] available for PCI devices
[    0.000000] Booting paravirtualized kernel on KVM
[    0.000000] clocksource: refined-jiffies: mask: 0xffffffff max_cycles: 0xffffffff, max_idle_ns: 7645519600211568 ns
[    0.000000] setup_percpu: NR_CPUS:8192 nr_cpumask_bits:2 nr_cpu_ids:2 nr_node_ids:1
[    0.000000] percpu: Embedded 50 pages/cpu s167936 r8192 d28672 u1048576
[    0.000000] PV qspinlock hash table entries: 256 (order: 0, 4096 bytes)
[    0.000000] Built 1 zonelists, mobility grouping on.  Total pages: 257913
[    0.000000] Policy zone: DMA32
[    0.000000] Kernel command line: BOOT_IMAGE=/boot/vmlinuz-4.15.0-212-generic root=LABEL=cloudimg-rootfs ro console=tty1 console=ttyS0
[    0.000000] Memory: 982644K/1048120K available (12300K kernel code, 2477K rwdata, 4324K rodata, 2480K init, 2720K bss, 65476K reserved, 0K cma-reserved)
[    0.000000] SLUB: HWalign=64, Order=0-3, MinObjects=0, CPUs=2, Nodes=1
[    0.000000] Kernel/User page tables isolation: enabled
[    0.000000] ftrace: allocating 39508 entries in 155 pages
[    0.004000] Hierarchical RCU implementation.
[    0.004000] 	RCU restricting CPUs from NR_CPUS=8192 to nr_cpu_ids=2.
[    0.004000] 	Tasks RCU enabled.
[    0.004000] RCU: Adjusting geometry for rcu_fanout_leaf=16, nr_cpu_ids=2
[    0.004000] NR_IRQS: 524544, nr_irqs: 440, preallocated irqs: 16
[    0.004000] random: crng init done
[    0.004000] Console: colour VGA+ 80x25
[    0.004000] console [tty1] enabled
[    0.004000] console [ttyS0] enabled
[    0.004000] ACPI: Core revision 20170831
[    0.004000] ACPI: 2 ACPI AML tables successfully acquired and loaded
[    0.004000] APIC: Switch to symmetric I/O mode setup
[    0.004000] ..TIMER: vector=0x30 apic1=0 pin1=2 apic2=-1 pin2=-1
[    0.004012] tsc: Detected 2712.000 MHz processor
[    0.008028] Calibrating delay loop (skipped) preset value.. 5424.00 BogoMIPS (lpj=10848000)
[    0.012009] pid_max: default: 32768 minimum: 301
[    0.016119] Security Framework initialized
[    0.020005] Yama: becoming mindful.
[    0.024116] AppArmor: AppArmor initialized
[    0.038017] Dentry cache hash table entries: 131072 (order: 8, 1048576 bytes)
[    0.045202] Inode-cache hash table entries: 65536 (order: 7, 524288 bytes)
[    0.048095] Mount-cache hash table entries: 2048 (order: 2, 16384 bytes)
[    0.052097] Mountpoint-cache hash table entries: 2048 (order: 2, 16384 bytes)
[    0.059499] Last level iTLB entries: 4KB 64, 2MB 8, 4MB 8
[    0.060003] Last level dTLB entries: 4KB 64, 2MB 0, 4MB 0, 1GB 4
[    0.064005] Spectre V1 : Mitigation: usercopy/swapgs barriers and __user pointer sanitization
[    0.068011] Spectre V2 : Mitigation: Retpolines
[    0.072007] Spectre V2 : Spectre v2 / SpectreRSB mitigation: Filling RSB on context switch
[    0.076007] Spectre V2 : Spectre v2 / SpectreRSB : Filling RSB on VMEXIT
[    0.080005] RETBleed: WARNING: Spectre v2 mitigation leaves CPU vulnerable to RETBleed attacks, data leaks possible!
[    0.084006] RETBleed: Vulnerable
[    0.088005] Speculative Store Bypass: Vulnerable
[    0.096141] MDS: Mitigation: Clear CPU buffers
[    0.100017] MMIO Stale Data: Mitigation: Clear CPU buffers
[    0.108006] SRBDS: Unknown: Dependent on hypervisor status
[    0.112237] Freeing SMP alternatives memory: 36K
[    0.230125] APIC calibration not consistent with PM-Timer: 101ms instead of 100ms
[    0.232000] APIC delta adjusted to PM-Timer: 6273829 (6368878)
[    0.233634] smpboot: CPU0: Intel(R) Core(TM) i7-6820HQ CPU @ 2.70GHz (family: 0x6, model: 0x5e, stepping: 0x3)
[    0.237320] Performance Events: unsupported p6 CPU model 94 no PMU driver, software events only.
[    0.240693] Hierarchical SRCU implementation.
[    0.246178] NMI watchdog: Perf event create on CPU 0 failed with -2
[    0.248011] NMI watchdog: Perf NMI watchdog permanently disabled
[    0.252996] smp: Bringing up secondary CPUs ...
[    0.259188] x86: Booting SMP configuration:
[    0.260009] .... node  #0, CPUs:      #1
[    0.004000] kvm-clock: cpu 1, msr 0:3ff44041, secondary cpu clock
[    0.286956] TSC synchronization [CPU#0 -> CPU#1]:
[    0.288000] Measured 153452 cycles TSC warp between CPUs, turning off TSC clock.
[    0.288000] tsc: Marking TSC unstable due to check_tsc_sync_source failed
[    0.292505] smp: Brought up 1 node, 2 CPUs
[    0.296010] smpboot: Max logical packages: 1
[    0.300011] smpboot: Total of 2 processors activated (10848.00 BogoMIPS)
[    0.308126] devtmpfs: initialized
[    0.312130] x86/mm: Memory block size: 128MB
[    0.320508] evm: security.selinux
[    0.324009] evm: security.SMACK64
[    0.328003] evm: security.SMACK64EXEC
[    0.332004] evm: security.SMACK64TRANSMUTE
[    0.336006] evm: security.SMACK64MMAP
[    0.340004] evm: security.apparmor
[    0.344011] evm: security.ima
[    0.348009] evm: security.capability
[    0.360016] clocksource: jiffies: mask: 0xffffffff max_cycles: 0xffffffff, max_idle_ns: 7645041785100000 ns
[    0.364024] futex hash table entries: 512 (order: 3, 32768 bytes)
[    0.368540] pinctrl core: initialized pinctrl subsystem
[    0.376007] RTC time: 11:25:45, date: 12/30/24
[    0.385973] NET: Registered protocol family 16
[    0.388290] audit: initializing netlink subsys (disabled)
[    0.396579] audit: type=2000 audit(1735557950.638:1): state=initialized audit_enabled=0 res=1
[    0.428573] cpuidle: using governor ladder
[    0.432021] cpuidle: using governor menu
[    0.436092] ACPI: bus type PCI registered
[    0.440008] acpiphp: ACPI Hot Plug PCI Controller Driver version: 0.5
[    0.449744] PCI: Using configuration type 1 for base access
[    0.468434] HugeTLB registered 2.00 MiB page size, pre-allocated 0 pages
[    0.480655] ACPI: Added _OSI(Module Device)
[    0.500010] ACPI: Added _OSI(Processor Device)
[    0.520009] ACPI: Added _OSI(3.0 _SCP Extensions)
[    0.532010] ACPI: Added _OSI(Processor Aggregator Device)
[    0.548017] ACPI: Added _OSI(Linux-Dell-Video)
[    0.564009] ACPI: Added _OSI(Linux-Lenovo-NV-HDMI-Audio)
[    0.580015] ACPI: Added _OSI(Linux-HPI-Hybrid-Graphics)
[    0.602814] ACPI: Executed 1 blocks of module-level executable AML code
[    0.632992] ACPI: Interpreter enabled
[    0.644030] ACPI: (supports S0 S5)
[    0.656036] ACPI: Using IOAPIC for interrupt routing
[    0.669477] PCI: Using host bridge windows from ACPI; if necessary, use "pci=nocrs" and report a bug
[    0.693011] ACPI: Enabled 2 GPEs in block 00 to 07
[    0.746283] ACPI: PCI Root Bridge [PCI0] (domain 0000 [bus 00-ff])
[    0.760024] acpi PNP0A03:00: _OSC: OS supports [ASPM ClockPM Segments MSI]
[    0.778311] acpi PNP0A03:00: _OSC: not requesting OS control; OS requires [ExtendedConfig ASPM ClockPM MSI]
[    0.796037] acpi PNP0A03:00: fail to add MMCONFIG information, can't access extended PCI configuration space under this bridge.
[    0.820853] PCI host bridge to bus 0000:00
[    0.828013] pci_bus 0000:00: root bus resource [io  0x0000-0x0cf7 window]
[    0.840013] pci_bus 0000:00: root bus resource [io  0x0d00-0xffff window]
[    0.852012] pci_bus 0000:00: root bus resource [mem 0x000a0000-0x000bffff window]
[    0.868094] pci_bus 0000:00: root bus resource [mem 0x40000000-0xfdffffff window]
[    0.884061] pci_bus 0000:00: root bus resource [bus 00-ff]
[    0.936734] pci 0000:00:01.1: legacy IDE quirk: reg 0x10: [io  0x01f0-0x01f7]
[    0.960015] pci 0000:00:01.1: legacy IDE quirk: reg 0x14: [io  0x03f6]
[    0.980012] pci 0000:00:01.1: legacy IDE quirk: reg 0x18: [io  0x0170-0x0177]
[    1.000014] pci 0000:00:01.1: legacy IDE quirk: reg 0x1c: [io  0x0376]
[    1.106355] pci 0000:00:07.0: quirk: [io  0x4000-0x403f] claimed by PIIX4 ACPI
[    1.120127] pci 0000:00:07.0: quirk: [io  0x4100-0x410f] claimed by PIIX4 SMB
[    1.176829] ACPI: PCI Interrupt Link [LNKA] (IRQs 5 9 10 *11)
[    1.197747] ACPI: PCI Interrupt Link [LNKB] (IRQs 5 9 *10 11)
[    1.220383] ACPI: PCI Interrupt Link [LNKC] (IRQs 5 *9 10 11)
[    1.240587] ACPI: PCI Interrupt Link [LNKD] (IRQs 5 9 10 *11)
[    1.261927] SCSI subsystem initialized
[    1.280220] pci 0000:00:02.0: vgaarb: setting as boot VGA device
[    1.284000] pci 0000:00:02.0: vgaarb: VGA device added: decodes=io+mem,owns=io+mem,locks=none
[    1.324023] pci 0000:00:02.0: vgaarb: bridge control possible
[    1.344010] vgaarb: loaded
[    1.352159] ACPI: bus type USB registered
[    1.372093] usbcore: registered new interface driver usbfs
[    1.384151] usbcore: registered new interface driver hub
[    1.404040] usbcore: registered new device driver usb
[    1.424603] EDAC MC: Ver: 3.0.0
[    1.444542] PCI: Using ACPI for IRQ routing
[    1.457392] NetLabel: Initializing
[    1.464006] NetLabel:  domain hash size = 128
[    1.476008] NetLabel:  protocols = UNLABELED CIPSOv4 CALIPSO
[    1.496340] NetLabel:  unlabeled traffic allowed by default
[    1.520852] clocksource: Switched to clocksource kvm-clock
[    1.689584] VFS: Disk quotas dquot_6.6.0
[    1.704378] VFS: Dquot-cache hash table entries: 512 (order 0, 4096 bytes)
[    1.718630] AppArmor: AppArmor Filesystem Enabled
[    1.728334] pnp: PnP ACPI init
[    1.746873] pnp: PnP ACPI: found 3 devices
[    1.776603] clocksource: acpi_pm: mask: 0xffffff max_cycles: 0xffffff, max_idle_ns: 2085701024 ns
[    1.804677] NET: Registered protocol family 2
[    1.818143] IP idents hash table entries: 16384 (order: 5, 131072 bytes)
[    1.842238] TCP established hash table entries: 8192 (order: 4, 65536 bytes)
[    1.863795] TCP bind hash table entries: 8192 (order: 5, 131072 bytes)
[    1.880073] TCP: Hash tables configured (established 8192 bind 8192)
[    1.893781] UDP hash table entries: 512 (order: 2, 16384 bytes)
[    1.906275] UDP-Lite hash table entries: 512 (order: 2, 16384 bytes)
[    1.919736] NET: Registered protocol family 1
[    1.929032] pci 0000:00:00.0: Limiting direct PCI/PCI transfers
[    1.940605] pci 0000:00:01.0: Activating ISA DMA hang workarounds
[    1.951866] pci 0000:00:02.0: Video device with shadowed ROM at [mem 0x000c0000-0x000dffff]
[    1.967931] Unpacking initramfs...
[    2.996251] Freeing initrd memory: 19528K
[    3.228850] clocksource: tsc: mask: 0xffffffffffffffff max_cycles: 0x2717868ea45, max_idle_ns: 440795316085 ns
[    3.245026] platform rtc_cmos: registered platform RTC device (no PNP device found)
[    3.257689] Scanning for low memory corruption every 60 seconds
[    3.276185] Initialise system trusted keyrings
[    3.291913] Key type blacklist registered
[    3.307988] workingset: timestamp_bits=36 max_order=18 bucket_order=0
[    3.331840] zbud: loaded
[    3.351931] squashfs: version 4.0 (2009/01/31) Phillip Lougher
[    3.370706] fuse init (API version 7.26)
[    3.454024] Key type asymmetric registered
[    3.465625] Asymmetric key parser 'x509' registered
[    3.478654] Block layer SCSI generic (bsg) driver version 0.4 loaded (major 246)
[    3.503181] io scheduler noop registered
[    3.514075] io scheduler deadline registered
[    3.530153] io scheduler cfq registered (default)
[    3.542635] ACPI: AC Adapter [AC] (off-line)
[    3.554325] input: Power Button as /devices/LNXSYSTM:00/LNXPWRBN:00/input/input0
[    3.577025] ACPI: Power Button [PWRF]
[    3.587103] input: Sleep Button as /devices/LNXSYSTM:00/LNXSLPBN:00/input/input1
[    3.606500] ACPI: Sleep Button [SLPF]
[    3.621324] Serial: 8250/16550 driver, 32 ports, IRQ sharing enabled
[    3.627311] ACPI: Battery Slot [BAT0] (battery present)
[    3.716203] 00:02: ttyS0 at I/O 0x3f8 (irq = 4, base_baud = 115200) is a 16550A
[    3.736228] Linux agpgart interface v0.103
[    3.768034] loop: module loaded
[    3.794710] scsi host0: ata_piix
[    3.805413] scsi host1: ata_piix
[    3.813761] ata1: PATA max UDMA/33 cmd 0x1f0 ctl 0x3f6 bmdma 0xd000 irq 14
[    3.825763] ata2: PATA max UDMA/33 cmd 0x170 ctl 0x376 bmdma 0xd008 irq 15
[    3.837917] tun: Universal TUN/TAP device driver, 1.6
[    3.848583] PPP generic driver version 2.4.2
[    3.856628] ehci_hcd: USB 2.0 'Enhanced' Host Controller (EHCI) Driver
[    3.866573] ehci-pci: EHCI PCI platform driver
[    3.879991] ehci-platform: EHCI generic platform driver
[    3.894630] ohci_hcd: USB 1.1 'Open' Host Controller (OHCI) Driver
[    3.907648] ohci-pci: OHCI PCI platform driver
[    3.916583] ohci-platform: OHCI generic platform driver
[    3.926102] uhci_hcd: USB Universal Host Controller Interface driver
[    3.939508] i8042: PNP: PS/2 Controller [PNP0303:PS2K,PNP0f03:PS2M] at 0x60,0x64 irq 1,12
[    3.959717] serio: i8042 KBD port at 0x60,0x64 irq 1
[    3.971097] serio: i8042 AUX port at 0x60,0x64 irq 12
[    3.985140] mousedev: PS/2 mouse device common for all mice
[    3.998080] input: AT Translated Set 2 keyboard as /devices/platform/i8042/serio0/input/input2
[    4.019793] rtc_cmos rtc_cmos: rtc core: registered rtc_cmos as rtc0
[    4.032623] rtc_cmos rtc_cmos: alarms up to one day, 114 bytes nvram
[    4.045364] i2c /dev entries driver
[    4.053688] device-mapper: uevent: version 1.0.3
[    4.064416] device-mapper: ioctl: 4.37.0-ioctl (2017-09-20) initialised: dm-devel@redhat.com
[    4.089398] ledtrig-cpu: registered to indicate activity on CPUs
[    4.102480] NET: Registered protocol family 10
[    4.133297] Segment Routing with IPv6
[    4.139624] NET: Registered protocol family 17
[    4.147863] Key type dns_resolver registered
[    4.155781] mce: Using 0 MCE banks
[    4.161880] RAS: Correctable Errors collector initialized.
[    4.169658] sched_clock: Marking stable (4169561989, 0)->(5750743460, -1581181471)
[    4.188053] registered taskstats version 1
[    4.201666] Loading compiled-in X.509 certificates
[    4.238722] Loaded X.509 cert 'Build time autogenerated kernel key: b5b26778eaa3ab3a4a6cee031137706e947d12ad'
[    4.266300] Loaded X.509 cert 'Canonical Ltd. Live Patch Signing: 14df34d1a87cf37625abec039ef2bf521249b969'
[    4.288643] Loaded X.509 cert 'Canonical Ltd. Kernel Module Signing: 88f752e560a1e0737e31163a466ad7b70a850c19'
[    4.311226] blacklist: Loading compiled-in revocation X.509 certificates
[    4.325391] Loaded X.509 cert 'Canonical Ltd. Secure Boot Signing: 61482aa2830d0ab2ad5af10b7250da9033ddcef0'
[    4.346830] Loaded X.509 cert 'Canonical Ltd. Secure Boot Signing (2017): 242ade75ac4a15e50d50c84b0d45ff3eae707a03'
[    4.371745] Loaded X.509 cert 'Canonical Ltd. Secure Boot Signing (ESM 2018): 365188c1d374d6b07c3c8f240f8ef722433d6a8b'
[    4.397838] Loaded X.509 cert 'Canonical Ltd. Secure Boot Signing (2019): c0746fd6c5da3ae827864651ad66ae47fe24b3e8'
[    4.422856] Loaded X.509 cert 'Canonical Ltd. Secure Boot Signing (2021 v1): a8d54bbb3825cfb94fa13c9f8a594a195c107b8d'
[    4.445261] Loaded X.509 cert 'Canonical Ltd. Secure Boot Signing (2021 v2): 4cf046892d6fd3c9a5b03f98d845f90851dc6a8c'
[    4.470628] Loaded X.509 cert 'Canonical Ltd. Secure Boot Signing (2021 v3): 100437bb6de6e469b581e61cd66bce3ef4ed53af'
[    4.496944] Loaded X.509 cert 'Canonical Ltd. Secure Boot Signing (Ubuntu Core 2019): c1d57b8f6b743f23ee41f4f7ee292f06eecadfb9'
[    4.524235] zswap: loaded using pool lzo/zbud
[    4.578327] Key type big_key registered
[    4.587963] Key type trusted registered
[    4.611438] Key type encrypted registered
[    4.618734] AppArmor: AppArmor sha1 policy hashing enabled
[    4.627395] ima: No TPM chip found, activating TPM-bypass! (rc=-19)
[    4.638630] ima: Allocated hash algorithm: sha1
[    4.645918] evm: HMAC attrs: 0x1
[    4.653599]   Magic number: 4:832:429
[    4.661275] rtc_cmos rtc_cmos: setting system clock to 2024-12-30 11:25:49 UTC (1735557949)
[    4.674315] BIOS EDD facility v0.16 2004-Jun-25, 0 devices found
[    4.684629] EDD information not available.
[    4.708804] Freeing unused kernel image memory: 2480K
[    4.732559] Write protecting the kernel read-only data: 20480k
[    4.748972] Freeing unused kernel image memory: 2008K
[    4.759438] Freeing unused kernel image memory: 1820K
[    4.778504] x86/mm: Checked W+X mappings: passed, no W+X pages found.
[    4.788474] x86/mm: Checking user space page tables
[    4.811126] x86/mm: Checked W+X mappings: passed, no W+X pages found.
Loading, please wait...
starting version 237
[    5.153769] Fusion MPT base driver 3.04.20
[    5.168005] Copyright (c) 1999-2008 LSI Corporation
[    5.247168] e1000: Intel(R) PRO/1000 Network Driver - version 7.3.21-k8-NAPI
[    5.259983] e1000: Copyright (c) 1999-2006 Intel Corporation.
[    5.303833] SSE version of gcm_enc/dec engaged.
[    5.322017] Fusion MPT SPI Host driver 3.04.20
[    5.540891] input: ImExPS/2 Generic Explorer Mouse as /devices/platform/i8042/serio1/input/input4
[    6.916810] e1000 0000:00:03.0 eth0: (PCI:33MHz:32-bit) 02:3b:7b:b7:3b:2d
[    6.928595] e1000 0000:00:03.0 eth0: Intel(R) PRO/1000 Network Connection
[    6.965717] mptbase: ioc0: Initiating bringup
[    6.966900] e1000 0000:00:03.0 enp0s3: renamed from eth0
[    7.721069] ioc0: LSI53C1030 A0: Capabilities={Initiator}
[    8.140635] scsi host2: ioc0: LSI53C1030 A0, FwRev=00000000h, Ports=1, MaxQ=256, IRQ=20
[    8.342435] scsi 2:0:0:0: Direct-Access     VBOX     HARDDISK         1.0  PQ: 0 ANSI: 5
[    8.407348] scsi target2:0:0: Beginning Domain Validation
[    8.449531] scsi target2:0:0: Domain Validation skipping write tests
[    8.463903] scsi target2:0:0: Ending Domain Validation
[    8.475900] scsi target2:0:0: asynchronous
[    8.492671] scsi 2:0:1:0: Direct-Access     VBOX     HARDDISK         1.0  PQ: 0 ANSI: 5
[    8.872525] scsi target2:0:1: Beginning Domain Validation
[    8.909541] scsi target2:0:1: Domain Validation skipping write tests
[    8.924946] scsi target2:0:1: Ending Domain Validation
[    8.935385] scsi target2:0:1: asynchronous
[    8.966059] sd 2:0:0:0: [sda] 83886080 512-byte logical blocks: (42.9 GB/40.0 GiB)
[    8.981358] sd 2:0:0:0: [sda] Write Protect is off
[    8.990816] sd 2:0:0:0: Attached scsi generic sg0 type 0
[    9.001635] sd 2:0:0:0: [sda] Incomplete mode parameter data
[    9.004272] sd 2:0:1:0: [sdb] 20480 512-byte logical blocks: (10.5 MB/10.0 MiB)
[    9.011971] sd 2:0:0:0: [sda] Assuming drive cache: write through
[    9.025913] sd 2:0:1:0: [sdb] Write Protect is off
[    9.044713] sd 2:0:1:0: Attached scsi generic sg1 type 0
[    9.056619] sd 2:0:1:0: [sdb] Incomplete mode parameter data
[    9.067574] sd 2:0:1:0: [sdb] Assuming drive cache: write through
[    9.076818]  sda: sda1
[    9.091373] sd 2:0:0:0: [sda] Attached SCSI disk
[    9.111192] sd 2:0:1:0: [sdb] Attached SCSI disk
